<?xml version="1.0" encoding="UTF-8"?>
<testsuite xmlns:xsi="http://www.w3.org/2001/XMLSchema-instance" xsi:noNamespaceSchemaLocation="https://maven.apache.org/surefire/maven-surefire-plugin/xsd/surefire-test-report-3.0.xsd" version="3.0" name="com.example.consumer.DataServiceTest" time="0.593" tests="1" errors="0" skipped="0" failures="0">
  <properties>
    <property name="java.specification.version" value="21"/>
    <property name="sun.jnu.encoding" value="UTF-8"/>
    <property name="java.class.path" value="/Users/charlan.bettiol/Documents/presentation_pact_demo/consumer/target/test-classes:/Users/charlan.bettiol/Documents/presentation_pact_demo/consumer/target/classes:/Users/charlan.bettiol/.m2/repository/org/springframework/boot/spring-boot-starter-web/2.5.2/spring-boot-starter-web-2.5.2.jar:/Users/charlan.bettiol/.m2/repository/org/springframework/boot/spring-boot-starter/3.1.11/spring-boot-starter-3.1.11.jar:/Users/charlan.bettiol/.m2/repository/org/springframework/boot/spring-boot/3.1.11/spring-boot-3.1.11.jar:/Users/charlan.bettiol/.m2/repository/org/springframework/boot/spring-boot-autoconfigure/3.1.11/spring-boot-autoconfigure-3.1.11.jar:/Users/charlan.bettiol/.m2/repository/org/springframework/boot/spring-boot-starter-logging/3.1.11/spring-boot-starter-logging-3.1.11.jar:/Users/charlan.bettiol/.m2/repository/ch/qos/logback/logback-classic/1.4.14/logback-classic-1.4.14.jar:/Users/charlan.bettiol/.m2/repository/ch/qos/logback/logback-core/1.4.14/logback-core-1.4.14.jar:/Users/charlan.bettiol/.m2/repository/org/apache/logging/log4j/log4j-to-slf4j/2.20.0/log4j-to-slf4j-2.20.0.jar:/Users/charlan.bettiol/.m2/repository/org/apache/logging/log4j/log4j-api/2.20.0/log4j-api-2.20.0.jar:/Users/charlan.bettiol/.m2/repository/org/slf4j/jul-to-slf4j/2.0.13/jul-to-slf4j-2.0.13.jar:/Users/charlan.bettiol/.m2/repository/jakarta/annotation/jakarta.annotation-api/2.1.1/jakarta.annotation-api-2.1.1.jar:/Users/charlan.bettiol/.m2/repository/org/yaml/snakeyaml/1.33/snakeyaml-1.33.jar:/Users/charlan.bettiol/.m2/repository/org/springframework/boot/spring-boot-starter-json/3.1.11/spring-boot-starter-json-3.1.11.jar:/Users/charlan.bettiol/.m2/repository/com/fasterxml/jackson/core/jackson-databind/2.15.4/jackson-databind-2.15.4.jar:/Users/charlan.bettiol/.m2/repository/com/fasterxml/jackson/core/jackson-annotations/2.15.4/jackson-annotations-2.15.4.jar:/Users/charlan.bettiol/.m2/repository/com/fasterxml/jackson/core/jackson-core/2.15.4/jackson-core-2.15.4.jar:/Users/charlan.bettiol/.m2/repository/com/fasterxml/jackson/datatype/jackson-datatype-jdk8/2.15.4/jackson-datatype-jdk8-2.15.4.jar:/Users/charlan.bettiol/.m2/repository/com/fasterxml/jackson/datatype/jackson-datatype-jsr310/2.15.4/jackson-datatype-jsr310-2.15.4.jar:/Users/charlan.bettiol/.m2/repository/com/fasterxml/jackson/module/jackson-module-parameter-names/2.15.4/jackson-module-parameter-names-2.15.4.jar:/Users/charlan.bettiol/.m2/repository/org/springframework/boot/spring-boot-starter-tomcat/3.1.11/spring-boot-starter-tomcat-3.1.11.jar:/Users/charlan.bettiol/.m2/repository/org/apache/tomcat/embed/tomcat-embed-core/10.1.20/tomcat-embed-core-10.1.20.jar:/Users/charlan.bettiol/.m2/repository/org/apache/tomcat/embed/tomcat-embed-el/10.1.20/tomcat-embed-el-10.1.20.jar:/Users/charlan.bettiol/.m2/repository/org/apache/tomcat/embed/tomcat-embed-websocket/10.1.20/tomcat-embed-websocket-10.1.20.jar:/Users/charlan.bettiol/.m2/repository/org/springframework/spring-web/6.0.19/spring-web-6.0.19.jar:/Users/charlan.bettiol/.m2/repository/org/springframework/spring-beans/6.0.19/spring-beans-6.0.19.jar:/Users/charlan.bettiol/.m2/repository/io/micrometer/micrometer-observation/1.11.11/micrometer-observation-1.11.11.jar:/Users/charlan.bettiol/.m2/repository/io/micrometer/micrometer-commons/1.11.11/micrometer-commons-1.11.11.jar:/Users/charlan.bettiol/.m2/repository/org/springframework/spring-webmvc/6.0.19/spring-webmvc-6.0.19.jar:/Users/charlan.bettiol/.m2/repository/org/springframework/spring-aop/6.0.19/spring-aop-6.0.19.jar:/Users/charlan.bettiol/.m2/repository/org/springframework/spring-context/6.0.19/spring-context-6.0.19.jar:/Users/charlan.bettiol/.m2/repository/org/springframework/spring-expression/6.0.19/spring-expression-6.0.19.jar:/Users/charlan.bettiol/.m2/repository/org/springframework/boot/spring-boot-starter-test/2.5.2/spring-boot-starter-test-2.5.2.jar:/Users/charlan.bettiol/.m2/repository/org/springframework/boot/spring-boot-test/3.1.11/spring-boot-test-3.1.11.jar:/Users/charlan.bettiol/.m2/repository/org/springframework/boot/spring-boot-test-autoconfigure/3.1.11/spring-boot-test-autoconfigure-3.1.11.jar:/Users/charlan.bettiol/.m2/repository/com/jayway/jsonpath/json-path/2.9.0/json-path-2.9.0.jar:/Users/charlan.bettiol/.m2/repository/net/minidev/json-smart/2.4.11/json-smart-2.4.11.jar:/Users/charlan.bettiol/.m2/repository/net/minidev/accessors-smart/2.4.11/accessors-smart-2.4.11.jar:/Users/charlan.bettiol/.m2/repository/org/ow2/asm/asm/9.3/asm-9.3.jar:/Users/charlan.bettiol/.m2/repository/jakarta/xml/bind/jakarta.xml.bind-api/4.0.2/jakarta.xml.bind-api-4.0.2.jar:/Users/charlan.bettiol/.m2/repository/jakarta/activation/jakarta.activation-api/2.1.3/jakarta.activation-api-2.1.3.jar:/Users/charlan.bettiol/.m2/repository/org/assertj/assertj-core/3.24.2/assertj-core-3.24.2.jar:/Users/charlan.bettiol/.m2/repository/net/bytebuddy/byte-buddy/1.14.13/byte-buddy-1.14.13.jar:/Users/charlan.bettiol/.m2/repository/org/hamcrest/hamcrest/2.2/hamcrest-2.2.jar:/Users/charlan.bettiol/.m2/repository/org/junit/jupiter/junit-jupiter/5.9.3/junit-jupiter-5.9.3.jar:/Users/charlan.bettiol/.m2/repository/org/junit/jupiter/junit-jupiter-params/5.9.3/junit-jupiter-params-5.9.3.jar:/Users/charlan.bettiol/.m2/repository/org/junit/jupiter/junit-jupiter-engine/5.9.3/junit-jupiter-engine-5.9.3.jar:/Users/charlan.bettiol/.m2/repository/org/junit/platform/junit-platform-engine/1.9.3/junit-platform-engine-1.9.3.jar:/Users/charlan.bettiol/.m2/repository/org/mockito/mockito-core/5.3.1/mockito-core-5.3.1.jar:/Users/charlan.bettiol/.m2/repository/net/bytebuddy/byte-buddy-agent/1.14.13/byte-buddy-agent-1.14.13.jar:/Users/charlan.bettiol/.m2/repository/org/objenesis/objenesis/3.3/objenesis-3.3.jar:/Users/charlan.bettiol/.m2/repository/org/mockito/mockito-junit-jupiter/5.3.1/mockito-junit-jupiter-5.3.1.jar:/Users/charlan.bettiol/.m2/repository/org/skyscreamer/jsonassert/1.5.1/jsonassert-1.5.1.jar:/Users/charlan.bettiol/.m2/repository/com/vaadin/external/google/android-json/0.0.20131108.vaadin1/android-json-0.0.20131108.vaadin1.jar:/Users/charlan.bettiol/.m2/repository/org/springframework/spring-core/6.0.19/spring-core-6.0.19.jar:/Users/charlan.bettiol/.m2/repository/org/springframework/spring-jcl/6.0.19/spring-jcl-6.0.19.jar:/Users/charlan.bettiol/.m2/repository/org/springframework/spring-test/6.0.19/spring-test-6.0.19.jar:/Users/charlan.bettiol/.m2/repository/org/xmlunit/xmlunit-core/2.9.1/xmlunit-core-2.9.1.jar:/Users/charlan.bettiol/.m2/repository/org/springframework/boot/spring-boot-starter-webflux/2.5.2/spring-boot-starter-webflux-2.5.2.jar:/Users/charlan.bettiol/.m2/repository/org/springframework/boot/spring-boot-starter-reactor-netty/3.1.11/spring-boot-starter-reactor-netty-3.1.11.jar:/Users/charlan.bettiol/.m2/repository/io/projectreactor/netty/reactor-netty-http/1.1.18/reactor-netty-http-1.1.18.jar:/Users/charlan.bettiol/.m2/repository/io/netty/netty-codec-http/4.1.109.Final/netty-codec-http-4.1.109.Final.jar:/Users/charlan.bettiol/.m2/repository/io/netty/netty-codec-http2/4.1.109.Final/netty-codec-http2-4.1.109.Final.jar:/Users/charlan.bettiol/.m2/repository/io/netty/netty-resolver-dns/4.1.109.Final/netty-resolver-dns-4.1.109.Final.jar:/Users/charlan.bettiol/.m2/repository/io/netty/netty-codec-dns/4.1.109.Final/netty-codec-dns-4.1.109.Final.jar:/Users/charlan.bettiol/.m2/repository/io/netty/netty-resolver-dns-native-macos/4.1.109.Final/netty-resolver-dns-native-macos-4.1.109.Final-osx-x86_64.jar:/Users/charlan.bettiol/.m2/repository/io/netty/netty-resolver-dns-classes-macos/4.1.109.Final/netty-resolver-dns-classes-macos-4.1.109.Final.jar:/Users/charlan.bettiol/.m2/repository/io/netty/netty-transport-native-epoll/4.1.109.Final/netty-transport-native-epoll-4.1.109.Final-linux-x86_64.jar:/Users/charlan.bettiol/.m2/repository/io/netty/netty-transport-classes-epoll/4.1.109.Final/netty-transport-classes-epoll-4.1.109.Final.jar:/Users/charlan.bettiol/.m2/repository/io/projectreactor/netty/reactor-netty-core/1.1.18/reactor-netty-core-1.1.18.jar:/Users/charlan.bettiol/.m2/repository/org/springframework/spring-webflux/6.0.19/spring-webflux-6.0.19.jar:/Users/charlan.bettiol/.m2/repository/io/projectreactor/reactor-core/3.5.16/reactor-core-3.5.16.jar:/Users/charlan.bettiol/.m2/repository/org/reactivestreams/reactive-streams/1.0.4/reactive-streams-1.0.4.jar:/Users/charlan.bettiol/.m2/repository/au/com/dius/pact/consumer/junit5/4.6.10/junit5-4.6.10.jar:/Users/charlan.bettiol/.m2/repository/au/com/dius/pact/consumer/4.6.10/consumer-4.6.10.jar:/Users/charlan.bettiol/.m2/repository/au/com/dius/pact/core/matchers/4.6.10/matchers-4.6.10.jar:/Users/charlan.bettiol/.m2/repository/io/github/java-diff-utils/java-diff-utils/4.12/java-diff-utils-4.12.jar:/Users/charlan.bettiol/.m2/repository/org/atteo/evo-inflector/1.3/evo-inflector-1.3.jar:/Users/charlan.bettiol/.m2/repository/com/github/zafarkhaja/java-semver/0.9.0/java-semver-0.9.0.jar:/Users/charlan.bettiol/.m2/repository/org/apache/httpcomponents/client5/httpclient5/5.2.3/httpclient5-5.2.3.jar:/Users/charlan.bettiol/.m2/repository/org/apache/httpcomponents/core5/httpcore5/5.2.4/httpcore5-5.2.4.jar:/Users/charlan.bettiol/.m2/repository/org/apache/httpcomponents/core5/httpcore5-h2/5.2.4/httpcore5-h2-5.2.4.jar:/Users/charlan.bettiol/.m2/repository/org/json/json/20240205/json-20240205.jar:/Users/charlan.bettiol/.m2/repository/org/apache/httpcomponents/client5/httpclient5-fluent/5.2.3/httpclient5-fluent-5.2.3.jar:/Users/charlan.bettiol/.m2/repository/com/googlecode/java-diff-utils/diffutils/1.3.0/diffutils-1.3.0.jar:/Users/charlan.bettiol/.m2/repository/dk/brics/automaton/automaton/1.11-8/automaton-1.11-8.jar:/Users/charlan.bettiol/.m2/repository/io/netty/netty-handler/4.1.109.Final/netty-handler-4.1.109.Final.jar:/Users/charlan.bettiol/.m2/repository/io/netty/netty-common/4.1.109.Final/netty-common-4.1.109.Final.jar:/Users/charlan.bettiol/.m2/repository/io/netty/netty-resolver/4.1.109.Final/netty-resolver-4.1.109.Final.jar:/Users/charlan.bettiol/.m2/repository/io/netty/netty-buffer/4.1.109.Final/netty-buffer-4.1.109.Final.jar:/Users/charlan.bettiol/.m2/repository/io/netty/netty-transport/4.1.109.Final/netty-transport-4.1.109.Final.jar:/Users/charlan.bettiol/.m2/repository/io/netty/netty-transport-native-unix-common/4.1.109.Final/netty-transport-native-unix-common-4.1.109.Final.jar:/Users/charlan.bettiol/.m2/repository/io/netty/netty-codec/4.1.109.Final/netty-codec-4.1.109.Final.jar:/Users/charlan.bettiol/.m2/repository/io/ktor/ktor-server-netty/2.3.8/ktor-server-netty-2.3.8.jar:/Users/charlan.bettiol/.m2/repository/org/jetbrains/kotlinx/kotlinx-coroutines-core/1.6.4/kotlinx-coroutines-core-1.6.4.jar:/Users/charlan.bettiol/.m2/repository/io/ktor/ktor-network-tls-certificates/2.3.8/ktor-network-tls-certificates-2.3.8.jar:/Users/charlan.bettiol/.m2/repository/io/ktor/ktor-server-call-logging/2.3.8/ktor-server-call-logging-2.3.8.jar:/Users/charlan.bettiol/.m2/repository/io/ktor/ktor-server-core/2.3.8/ktor-server-core-2.3.8.jar:/Users/charlan.bettiol/.m2/repository/org/jetbrains/kotlinx/atomicfu/0.19.0/atomicfu-0.19.0.jar:/Users/charlan.bettiol/.m2/repository/org/jetbrains/kotlinx/atomicfu-jvm/0.19.0/atomicfu-jvm-0.19.0.jar:/Users/charlan.bettiol/.m2/repository/io/ktor/ktor-utils/2.3.8/ktor-utils-2.3.8.jar:/Users/charlan.bettiol/.m2/repository/io/ktor/ktor-io/2.3.8/ktor-io-2.3.8.jar:/Users/charlan.bettiol/.m2/repository/io/ktor/ktor-http/2.3.8/ktor-http-2.3.8.jar:/Users/charlan.bettiol/.m2/repository/io/ktor/ktor-serialization/2.3.8/ktor-serialization-2.3.8.jar:/Users/charlan.bettiol/.m2/repository/io/ktor/ktor-websockets/2.3.8/ktor-websockets-2.3.8.jar:/Users/charlan.bettiol/.m2/repository/io/ktor/ktor-events/2.3.8/ktor-events-2.3.8.jar:/Users/charlan.bettiol/.m2/repository/org/apache/commons/commons-lang3/3.12.0/commons-lang3-3.12.0.jar:/Users/charlan.bettiol/.m2/repository/com/github/mifmif/generex/1.0.2/generex-1.0.2.jar:/Users/charlan.bettiol/.m2/repository/commons-io/commons-io/2.14.0/commons-io-2.14.0.jar:/Users/charlan.bettiol/.m2/repository/org/apache/commons/commons-text/1.10.0/commons-text-1.10.0.jar:/Users/charlan.bettiol/.m2/repository/org/apache/tika/tika-core/2.9.1/tika-core-2.9.1.jar:/Users/charlan.bettiol/.m2/repository/org/junit/jupiter/junit-jupiter-api/5.9.3/junit-jupiter-api-5.9.3.jar:/Users/charlan.bettiol/.m2/repository/org/opentest4j/opentest4j/1.2.0/opentest4j-1.2.0.jar:/Users/charlan.bettiol/.m2/repository/org/junit/platform/junit-platform-commons/1.9.3/junit-platform-commons-1.9.3.jar:/Users/charlan.bettiol/.m2/repository/org/apiguardian/apiguardian-api/1.1.2/apiguardian-api-1.1.2.jar:/Users/charlan.bettiol/.m2/repository/org/jetbrains/kotlin/kotlin-stdlib/1.8.22/kotlin-stdlib-1.8.22.jar:/Users/charlan.bettiol/.m2/repository/org/jetbrains/kotlin/kotlin-stdlib-common/1.8.22/kotlin-stdlib-common-1.8.22.jar:/Users/charlan.bettiol/.m2/repository/org/jetbrains/annotations/13.0/annotations-13.0.jar:/Users/charlan.bettiol/.m2/repository/org/jetbrains/kotlin/kotlin-reflect/1.8.22/kotlin-reflect-1.8.22.jar:/Users/charlan.bettiol/.m2/repository/org/slf4j/slf4j-api/2.0.13/slf4j-api-2.0.13.jar:/Users/charlan.bettiol/.m2/repository/au/com/dius/pact/provider/junit5/4.6.10/junit5-4.6.10.jar:/Users/charlan.bettiol/.m2/repository/au/com/dius/pact/provider/4.6.10/provider-4.6.10.jar:/Users/charlan.bettiol/.m2/repository/io/github/classgraph/classgraph/4.8.129/classgraph-4.8.129.jar:/Users/charlan.bettiol/.m2/repository/org/apache/commons/commons-collections4/4.4/commons-collections4-4.4.jar:/Users/charlan.bettiol/.m2/repository/com/github/ajalt/mordant/1.2.1/mordant-1.2.1.jar:/Users/charlan.bettiol/.m2/repository/com/github/ajalt/colormath/1.2.0/colormath-1.2.0.jar:/Users/charlan.bettiol/.m2/repository/com/vladsch/flexmark/flexmark/0.62.2/flexmark-0.62.2.jar:/Users/charlan.bettiol/.m2/repository/com/vladsch/flexmark/flexmark-util-ast/0.62.2/flexmark-util-ast-0.62.2.jar:/Users/charlan.bettiol/.m2/repository/com/vladsch/flexmark/flexmark-util-builder/0.62.2/flexmark-util-builder-0.62.2.jar:/Users/charlan.bettiol/.m2/repository/com/vladsch/flexmark/flexmark-util-collection/0.62.2/flexmark-util-collection-0.62.2.jar:/Users/charlan.bettiol/.m2/repository/com/vladsch/flexmark/flexmark-util-data/0.62.2/flexmark-util-data-0.62.2.jar:/Users/charlan.bettiol/.m2/repository/com/vladsch/flexmark/flexmark-util-dependency/0.62.2/flexmark-util-dependency-0.62.2.jar:/Users/charlan.bettiol/.m2/repository/com/vladsch/flexmark/flexmark-util-format/0.62.2/flexmark-util-format-0.62.2.jar:/Users/charlan.bettiol/.m2/repository/com/vladsch/flexmark/flexmark-util-html/0.62.2/flexmark-util-html-0.62.2.jar:/Users/charlan.bettiol/.m2/repository/com/vladsch/flexmark/flexmark-util-misc/0.62.2/flexmark-util-misc-0.62.2.jar:/Users/charlan.bettiol/.m2/repository/com/vladsch/flexmark/flexmark-util-sequence/0.62.2/flexmark-util-sequence-0.62.2.jar:/Users/charlan.bettiol/.m2/repository/com/vladsch/flexmark/flexmark-util-visitor/0.62.2/flexmark-util-visitor-0.62.2.jar:/Users/charlan.bettiol/.m2/repository/com/vladsch/flexmark/flexmark-ext-tables/0.62.2/flexmark-ext-tables-0.62.2.jar:/Users/charlan.bettiol/.m2/repository/com/vladsch/flexmark/flexmark-util/0.62.2/flexmark-util-0.62.2.jar:/Users/charlan.bettiol/.m2/repository/com/vladsch/flexmark/flexmark-util-options/0.62.2/flexmark-util-options-0.62.2.jar:/Users/charlan.bettiol/.m2/repository/org/apache/groovy/groovy/4.0.21/groovy-4.0.21.jar:/Users/charlan.bettiol/.m2/repository/au/com/dius/pact/core/support/4.6.10/support-4.6.10.jar:/Users/charlan.bettiol/.m2/repository/io/github/oshai/kotlin-logging-jvm/5.1.4/kotlin-logging-jvm-5.1.4.jar:/Users/charlan.bettiol/.m2/repository/commons-codec/commons-codec/1.15/commons-codec-1.15.jar:/Users/charlan.bettiol/.m2/repository/au/com/dius/pact/core/pactbroker/4.6.10/pactbroker-4.6.10.jar:/Users/charlan.bettiol/.m2/repository/com/google/guava/guava/31.1-jre/guava-31.1-jre.jar:/Users/charlan.bettiol/.m2/repository/com/google/guava/failureaccess/1.0.1/failureaccess-1.0.1.jar:/Users/charlan.bettiol/.m2/repository/com/google/guava/listenablefuture/9999.0-empty-to-avoid-conflict-with-guava/listenablefuture-9999.0-empty-to-avoid-conflict-with-guava.jar:/Users/charlan.bettiol/.m2/repository/com/google/code/findbugs/jsr305/3.0.2/jsr305-3.0.2.jar:/Users/charlan.bettiol/.m2/repository/org/checkerframework/checker-qual/3.12.0/checker-qual-3.12.0.jar:/Users/charlan.bettiol/.m2/repository/com/google/errorprone/error_prone_annotations/2.11.0/error_prone_annotations-2.11.0.jar:/Users/charlan.bettiol/.m2/repository/com/google/j2objc/j2objc-annotations/1.3/j2objc-annotations-1.3.jar:/Users/charlan.bettiol/.m2/repository/au/com/dius/pact/core/model/4.6.10/model-4.6.10.jar:/Users/charlan.bettiol/.m2/repository/javax/mail/mail/1.5.0-b01/mail-1.5.0-b01.jar:/Users/charlan.bettiol/.m2/repository/javax/activation/activation/1.1/activation-1.1.jar:/Users/charlan.bettiol/.m2/repository/io/ktor/ktor-http-jvm/2.3.8/ktor-http-jvm-2.3.8.jar:/Users/charlan.bettiol/.m2/repository/org/jetbrains/kotlin/kotlin-stdlib-jdk7/1.8.22/kotlin-stdlib-jdk7-1.8.22.jar:/Users/charlan.bettiol/.m2/repository/org/jetbrains/kotlinx/kotlinx-coroutines-jdk8/1.6.4/kotlinx-coroutines-jdk8-1.6.4.jar:/Users/charlan.bettiol/.m2/repository/org/jetbrains/kotlinx/kotlinx-coroutines-core-jvm/1.6.4/kotlinx-coroutines-core-jvm-1.6.4.jar:/Users/charlan.bettiol/.m2/repository/io/ktor/ktor-utils-jvm/2.3.8/ktor-utils-jvm-2.3.8.jar:/Users/charlan.bettiol/.m2/repository/io/ktor/ktor-io-jvm/2.3.8/ktor-io-jvm-2.3.8.jar:/Users/charlan.bettiol/.m2/repository/commons-beanutils/commons-beanutils/1.9.4/commons-beanutils-1.9.4.jar:/Users/charlan.bettiol/.m2/repository/commons-logging/commons-logging/1.2/commons-logging-1.2.jar:/Users/charlan.bettiol/.m2/repository/commons-collections/commons-collections/3.2.2/commons-collections-3.2.2.jar:/Users/charlan.bettiol/.m2/repository/io/pact/plugin/driver/core/0.4.2/core-0.4.2.jar:/Users/charlan.bettiol/.m2/repository/com/vdurmont/semver4j/3.1.0/semver4j-3.1.0.jar:/Users/charlan.bettiol/.m2/repository/io/grpc/grpc-protobuf/1.56.1/grpc-protobuf-1.56.1.jar:/Users/charlan.bettiol/.m2/repository/io/grpc/grpc-api/1.56.1/grpc-api-1.56.1.jar:/Users/charlan.bettiol/.m2/repository/io/grpc/grpc-context/1.56.1/grpc-context-1.56.1.jar:/Users/charlan.bettiol/.m2/repository/com/google/protobuf/protobuf-java/3.22.3/protobuf-java-3.22.3.jar:/Users/charlan.bettiol/.m2/repository/com/google/api/grpc/proto-google-common-protos/2.17.0/proto-google-common-protos-2.17.0.jar:/Users/charlan.bettiol/.m2/repository/io/grpc/grpc-protobuf-lite/1.56.1/grpc-protobuf-lite-1.56.1.jar:/Users/charlan.bettiol/.m2/repository/io/grpc/grpc-stub/1.56.1/grpc-stub-1.56.1.jar:/Users/charlan.bettiol/.m2/repository/io/grpc/grpc-netty/1.56.1/grpc-netty-1.56.1.jar:/Users/charlan.bettiol/.m2/repository/io/grpc/grpc-core/1.56.1/grpc-core-1.56.1.jar:/Users/charlan.bettiol/.m2/repository/com/google/android/annotations/4.1.1.4/annotations-4.1.1.4.jar:/Users/charlan.bettiol/.m2/repository/org/codehaus/mojo/animal-sniffer-annotations/1.23/animal-sniffer-annotations-1.23.jar:/Users/charlan.bettiol/.m2/repository/io/netty/netty-handler-proxy/4.1.109.Final/netty-handler-proxy-4.1.109.Final.jar:/Users/charlan.bettiol/.m2/repository/io/netty/netty-codec-socks/4.1.109.Final/netty-codec-socks-4.1.109.Final.jar:/Users/charlan.bettiol/.m2/repository/io/perfmark/perfmark-api/0.26.0/perfmark-api-0.26.0.jar:/Users/charlan.bettiol/.m2/repository/javax/annotation/javax.annotation-api/1.3.2/javax.annotation-api-1.3.2.jar:/Users/charlan.bettiol/.m2/repository/javax/json/javax.json-api/1.1.4/javax.json-api-1.1.4.jar:/Users/charlan.bettiol/.m2/repository/org/glassfish/javax.json/1.1.4/javax.json-1.1.4.jar:/Users/charlan.bettiol/.m2/repository/com/moandjiezana/toml/toml4j/0.7.2/toml4j-0.7.2.jar:/Users/charlan.bettiol/.m2/repository/com/google/code/gson/gson/2.10.1/gson-2.10.1.jar:/Users/charlan.bettiol/.m2/repository/org/rauschig/jarchivelib/1.2.0/jarchivelib-1.2.0.jar:/Users/charlan.bettiol/.m2/repository/org/apache/commons/commons-compress/1.21/commons-compress-1.21.jar:/Users/charlan.bettiol/.m2/repository/com/michael-bull/kotlin-result/kotlin-result-jvm/1.1.14/kotlin-result-jvm-1.1.14.jar:/Users/charlan.bettiol/.m2/repository/org/jetbrains/kotlin/kotlin-stdlib-jdk8/1.8.22/kotlin-stdlib-jdk8-1.8.22.jar:/Users/charlan.bettiol/.m2/repository/org/wiremock/wiremock-standalone/3.4.2/wiremock-standalone-3.4.2.jar:"/>
    <property name="java.vm.vendor" value="Oracle Corporation"/>
    <property name="sun.arch.data.model" value="64"/>
    <property name="java.vendor.url" value="https://java.oracle.com/"/>
    <property name="user.timezone" value="America/Sao_Paulo"/>
    <property name="os.name" value="Mac OS X"/>
    <property name="java.vm.specification.version" value="21"/>
    <property name="sun.java.launcher" value="SUN_STANDARD"/>
    <property name="user.country" value="BR"/>
    <property name="sun.boot.library.path" value="/Users/charlan.bettiol/Library/Java/JavaVirtualMachines/openjdk-21.0.2/Contents/Home/lib"/>
    <property name="sun.java.command" value="/Users/charlan.bettiol/Documents/presentation_pact_demo/consumer/target/surefire/surefirebooter-20240624173157965_3.jar /Users/charlan.bettiol/Documents/presentation_pact_demo/consumer/target/surefire 2024-06-24T17-31-57_917-jvmRun1 surefire-20240624173157965_1tmp surefire_0-20240624173157965_2tmp"/>
    <property name="http.nonProxyHosts" value="local|*.local|169.254/16|*.169.254/16"/>
    <property name="jdk.debug" value="release"/>
    <property name="surefire.test.class.path" value="/Users/charlan.bettiol/Documents/presentation_pact_demo/consumer/target/test-classes:/Users/charlan.bettiol/Documents/presentation_pact_demo/consumer/target/classes:/Users/charlan.bettiol/.m2/repository/org/springframework/boot/spring-boot-starter-web/2.5.2/spring-boot-starter-web-2.5.2.jar:/Users/charlan.bettiol/.m2/repository/org/springframework/boot/spring-boot-starter/3.1.11/spring-boot-starter-3.1.11.jar:/Users/charlan.bettiol/.m2/repository/org/springframework/boot/spring-boot/3.1.11/spring-boot-3.1.11.jar:/Users/charlan.bettiol/.m2/repository/org/springframework/boot/spring-boot-autoconfigure/3.1.11/spring-boot-autoconfigure-3.1.11.jar:/Users/charlan.bettiol/.m2/repository/org/springframework/boot/spring-boot-starter-logging/3.1.11/spring-boot-starter-logging-3.1.11.jar:/Users/charlan.bettiol/.m2/repository/ch/qos/logback/logback-classic/1.4.14/logback-classic-1.4.14.jar:/Users/charlan.bettiol/.m2/repository/ch/qos/logback/logback-core/1.4.14/logback-core-1.4.14.jar:/Users/charlan.bettiol/.m2/repository/org/apache/logging/log4j/log4j-to-slf4j/2.20.0/log4j-to-slf4j-2.20.0.jar:/Users/charlan.bettiol/.m2/repository/org/apache/logging/log4j/log4j-api/2.20.0/log4j-api-2.20.0.jar:/Users/charlan.bettiol/.m2/repository/org/slf4j/jul-to-slf4j/2.0.13/jul-to-slf4j-2.0.13.jar:/Users/charlan.bettiol/.m2/repository/jakarta/annotation/jakarta.annotation-api/2.1.1/jakarta.annotation-api-2.1.1.jar:/Users/charlan.bettiol/.m2/repository/org/yaml/snakeyaml/1.33/snakeyaml-1.33.jar:/Users/charlan.bettiol/.m2/repository/org/springframework/boot/spring-boot-starter-json/3.1.11/spring-boot-starter-json-3.1.11.jar:/Users/charlan.bettiol/.m2/repository/com/fasterxml/jackson/core/jackson-databind/2.15.4/jackson-databind-2.15.4.jar:/Users/charlan.bettiol/.m2/repository/com/fasterxml/jackson/core/jackson-annotations/2.15.4/jackson-annotations-2.15.4.jar:/Users/charlan.bettiol/.m2/repository/com/fasterxml/jackson/core/jackson-core/2.15.4/jackson-core-2.15.4.jar:/Users/charlan.bettiol/.m2/repository/com/fasterxml/jackson/datatype/jackson-datatype-jdk8/2.15.4/jackson-datatype-jdk8-2.15.4.jar:/Users/charlan.bettiol/.m2/repository/com/fasterxml/jackson/datatype/jackson-datatype-jsr310/2.15.4/jackson-datatype-jsr310-2.15.4.jar:/Users/charlan.bettiol/.m2/repository/com/fasterxml/jackson/module/jackson-module-parameter-names/2.15.4/jackson-module-parameter-names-2.15.4.jar:/Users/charlan.bettiol/.m2/repository/org/springframework/boot/spring-boot-starter-tomcat/3.1.11/spring-boot-starter-tomcat-3.1.11.jar:/Users/charlan.bettiol/.m2/repository/org/apache/tomcat/embed/tomcat-embed-core/10.1.20/tomcat-embed-core-10.1.20.jar:/Users/charlan.bettiol/.m2/repository/org/apache/tomcat/embed/tomcat-embed-el/10.1.20/tomcat-embed-el-10.1.20.jar:/Users/charlan.bettiol/.m2/repository/org/apache/tomcat/embed/tomcat-embed-websocket/10.1.20/tomcat-embed-websocket-10.1.20.jar:/Users/charlan.bettiol/.m2/repository/org/springframework/spring-web/6.0.19/spring-web-6.0.19.jar:/Users/charlan.bettiol/.m2/repository/org/springframework/spring-beans/6.0.19/spring-beans-6.0.19.jar:/Users/charlan.bettiol/.m2/repository/io/micrometer/micrometer-observation/1.11.11/micrometer-observation-1.11.11.jar:/Users/charlan.bettiol/.m2/repository/io/micrometer/micrometer-commons/1.11.11/micrometer-commons-1.11.11.jar:/Users/charlan.bettiol/.m2/repository/org/springframework/spring-webmvc/6.0.19/spring-webmvc-6.0.19.jar:/Users/charlan.bettiol/.m2/repository/org/springframework/spring-aop/6.0.19/spring-aop-6.0.19.jar:/Users/charlan.bettiol/.m2/repository/org/springframework/spring-context/6.0.19/spring-context-6.0.19.jar:/Users/charlan.bettiol/.m2/repository/org/springframework/spring-expression/6.0.19/spring-expression-6.0.19.jar:/Users/charlan.bettiol/.m2/repository/org/springframework/boot/spring-boot-starter-test/2.5.2/spring-boot-starter-test-2.5.2.jar:/Users/charlan.bettiol/.m2/repository/org/springframework/boot/spring-boot-test/3.1.11/spring-boot-test-3.1.11.jar:/Users/charlan.bettiol/.m2/repository/org/springframework/boot/spring-boot-test-autoconfigure/3.1.11/spring-boot-test-autoconfigure-3.1.11.jar:/Users/charlan.bettiol/.m2/repository/com/jayway/jsonpath/json-path/2.9.0/json-path-2.9.0.jar:/Users/charlan.bettiol/.m2/repository/net/minidev/json-smart/2.4.11/json-smart-2.4.11.jar:/Users/charlan.bettiol/.m2/repository/net/minidev/accessors-smart/2.4.11/accessors-smart-2.4.11.jar:/Users/charlan.bettiol/.m2/repository/org/ow2/asm/asm/9.3/asm-9.3.jar:/Users/charlan.bettiol/.m2/repository/jakarta/xml/bind/jakarta.xml.bind-api/4.0.2/jakarta.xml.bind-api-4.0.2.jar:/Users/charlan.bettiol/.m2/repository/jakarta/activation/jakarta.activation-api/2.1.3/jakarta.activation-api-2.1.3.jar:/Users/charlan.bettiol/.m2/repository/org/assertj/assertj-core/3.24.2/assertj-core-3.24.2.jar:/Users/charlan.bettiol/.m2/repository/net/bytebuddy/byte-buddy/1.14.13/byte-buddy-1.14.13.jar:/Users/charlan.bettiol/.m2/repository/org/hamcrest/hamcrest/2.2/hamcrest-2.2.jar:/Users/charlan.bettiol/.m2/repository/org/junit/jupiter/junit-jupiter/5.9.3/junit-jupiter-5.9.3.jar:/Users/charlan.bettiol/.m2/repository/org/junit/jupiter/junit-jupiter-params/5.9.3/junit-jupiter-params-5.9.3.jar:/Users/charlan.bettiol/.m2/repository/org/junit/jupiter/junit-jupiter-engine/5.9.3/junit-jupiter-engine-5.9.3.jar:/Users/charlan.bettiol/.m2/repository/org/junit/platform/junit-platform-engine/1.9.3/junit-platform-engine-1.9.3.jar:/Users/charlan.bettiol/.m2/repository/org/mockito/mockito-core/5.3.1/mockito-core-5.3.1.jar:/Users/charlan.bettiol/.m2/repository/net/bytebuddy/byte-buddy-agent/1.14.13/byte-buddy-agent-1.14.13.jar:/Users/charlan.bettiol/.m2/repository/org/objenesis/objenesis/3.3/objenesis-3.3.jar:/Users/charlan.bettiol/.m2/repository/org/mockito/mockito-junit-jupiter/5.3.1/mockito-junit-jupiter-5.3.1.jar:/Users/charlan.bettiol/.m2/repository/org/skyscreamer/jsonassert/1.5.1/jsonassert-1.5.1.jar:/Users/charlan.bettiol/.m2/repository/com/vaadin/external/google/android-json/0.0.20131108.vaadin1/android-json-0.0.20131108.vaadin1.jar:/Users/charlan.bettiol/.m2/repository/org/springframework/spring-core/6.0.19/spring-core-6.0.19.jar:/Users/charlan.bettiol/.m2/repository/org/springframework/spring-jcl/6.0.19/spring-jcl-6.0.19.jar:/Users/charlan.bettiol/.m2/repository/org/springframework/spring-test/6.0.19/spring-test-6.0.19.jar:/Users/charlan.bettiol/.m2/repository/org/xmlunit/xmlunit-core/2.9.1/xmlunit-core-2.9.1.jar:/Users/charlan.bettiol/.m2/repository/org/springframework/boot/spring-boot-starter-webflux/2.5.2/spring-boot-starter-webflux-2.5.2.jar:/Users/charlan.bettiol/.m2/repository/org/springframework/boot/spring-boot-starter-reactor-netty/3.1.11/spring-boot-starter-reactor-netty-3.1.11.jar:/Users/charlan.bettiol/.m2/repository/io/projectreactor/netty/reactor-netty-http/1.1.18/reactor-netty-http-1.1.18.jar:/Users/charlan.bettiol/.m2/repository/io/netty/netty-codec-http/4.1.109.Final/netty-codec-http-4.1.109.Final.jar:/Users/charlan.bettiol/.m2/repository/io/netty/netty-codec-http2/4.1.109.Final/netty-codec-http2-4.1.109.Final.jar:/Users/charlan.bettiol/.m2/repository/io/netty/netty-resolver-dns/4.1.109.Final/netty-resolver-dns-4.1.109.Final.jar:/Users/charlan.bettiol/.m2/repository/io/netty/netty-codec-dns/4.1.109.Final/netty-codec-dns-4.1.109.Final.jar:/Users/charlan.bettiol/.m2/repository/io/netty/netty-resolver-dns-native-macos/4.1.109.Final/netty-resolver-dns-native-macos-4.1.109.Final-osx-x86_64.jar:/Users/charlan.bettiol/.m2/repository/io/netty/netty-resolver-dns-classes-macos/4.1.109.Final/netty-resolver-dns-classes-macos-4.1.109.Final.jar:/Users/charlan.bettiol/.m2/repository/io/netty/netty-transport-native-epoll/4.1.109.Final/netty-transport-native-epoll-4.1.109.Final-linux-x86_64.jar:/Users/charlan.bettiol/.m2/repository/io/netty/netty-transport-classes-epoll/4.1.109.Final/netty-transport-classes-epoll-4.1.109.Final.jar:/Users/charlan.bettiol/.m2/repository/io/projectreactor/netty/reactor-netty-core/1.1.18/reactor-netty-core-1.1.18.jar:/Users/charlan.bettiol/.m2/repository/org/springframework/spring-webflux/6.0.19/spring-webflux-6.0.19.jar:/Users/charlan.bettiol/.m2/repository/io/projectreactor/reactor-core/3.5.16/reactor-core-3.5.16.jar:/Users/charlan.bettiol/.m2/repository/org/reactivestreams/reactive-streams/1.0.4/reactive-streams-1.0.4.jar:/Users/charlan.bettiol/.m2/repository/au/com/dius/pact/consumer/junit5/4.6.10/junit5-4.6.10.jar:/Users/charlan.bettiol/.m2/repository/au/com/dius/pact/consumer/4.6.10/consumer-4.6.10.jar:/Users/charlan.bettiol/.m2/repository/au/com/dius/pact/core/matchers/4.6.10/matchers-4.6.10.jar:/Users/charlan.bettiol/.m2/repository/io/github/java-diff-utils/java-diff-utils/4.12/java-diff-utils-4.12.jar:/Users/charlan.bettiol/.m2/repository/org/atteo/evo-inflector/1.3/evo-inflector-1.3.jar:/Users/charlan.bettiol/.m2/repository/com/github/zafarkhaja/java-semver/0.9.0/java-semver-0.9.0.jar:/Users/charlan.bettiol/.m2/repository/org/apache/httpcomponents/client5/httpclient5/5.2.3/httpclient5-5.2.3.jar:/Users/charlan.bettiol/.m2/repository/org/apache/httpcomponents/core5/httpcore5/5.2.4/httpcore5-5.2.4.jar:/Users/charlan.bettiol/.m2/repository/org/apache/httpcomponents/core5/httpcore5-h2/5.2.4/httpcore5-h2-5.2.4.jar:/Users/charlan.bettiol/.m2/repository/org/json/json/20240205/json-20240205.jar:/Users/charlan.bettiol/.m2/repository/org/apache/httpcomponents/client5/httpclient5-fluent/5.2.3/httpclient5-fluent-5.2.3.jar:/Users/charlan.bettiol/.m2/repository/com/googlecode/java-diff-utils/diffutils/1.3.0/diffutils-1.3.0.jar:/Users/charlan.bettiol/.m2/repository/dk/brics/automaton/automaton/1.11-8/automaton-1.11-8.jar:/Users/charlan.bettiol/.m2/repository/io/netty/netty-handler/4.1.109.Final/netty-handler-4.1.109.Final.jar:/Users/charlan.bettiol/.m2/repository/io/netty/netty-common/4.1.109.Final/netty-common-4.1.109.Final.jar:/Users/charlan.bettiol/.m2/repository/io/netty/netty-resolver/4.1.109.Final/netty-resolver-4.1.109.Final.jar:/Users/charlan.bettiol/.m2/repository/io/netty/netty-buffer/4.1.109.Final/netty-buffer-4.1.109.Final.jar:/Users/charlan.bettiol/.m2/repository/io/netty/netty-transport/4.1.109.Final/netty-transport-4.1.109.Final.jar:/Users/charlan.bettiol/.m2/repository/io/netty/netty-transport-native-unix-common/4.1.109.Final/netty-transport-native-unix-common-4.1.109.Final.jar:/Users/charlan.bettiol/.m2/repository/io/netty/netty-codec/4.1.109.Final/netty-codec-4.1.109.Final.jar:/Users/charlan.bettiol/.m2/repository/io/ktor/ktor-server-netty/2.3.8/ktor-server-netty-2.3.8.jar:/Users/charlan.bettiol/.m2/repository/org/jetbrains/kotlinx/kotlinx-coroutines-core/1.6.4/kotlinx-coroutines-core-1.6.4.jar:/Users/charlan.bettiol/.m2/repository/io/ktor/ktor-network-tls-certificates/2.3.8/ktor-network-tls-certificates-2.3.8.jar:/Users/charlan.bettiol/.m2/repository/io/ktor/ktor-server-call-logging/2.3.8/ktor-server-call-logging-2.3.8.jar:/Users/charlan.bettiol/.m2/repository/io/ktor/ktor-server-core/2.3.8/ktor-server-core-2.3.8.jar:/Users/charlan.bettiol/.m2/repository/org/jetbrains/kotlinx/atomicfu/0.19.0/atomicfu-0.19.0.jar:/Users/charlan.bettiol/.m2/repository/org/jetbrains/kotlinx/atomicfu-jvm/0.19.0/atomicfu-jvm-0.19.0.jar:/Users/charlan.bettiol/.m2/repository/io/ktor/ktor-utils/2.3.8/ktor-utils-2.3.8.jar:/Users/charlan.bettiol/.m2/repository/io/ktor/ktor-io/2.3.8/ktor-io-2.3.8.jar:/Users/charlan.bettiol/.m2/repository/io/ktor/ktor-http/2.3.8/ktor-http-2.3.8.jar:/Users/charlan.bettiol/.m2/repository/io/ktor/ktor-serialization/2.3.8/ktor-serialization-2.3.8.jar:/Users/charlan.bettiol/.m2/repository/io/ktor/ktor-websockets/2.3.8/ktor-websockets-2.3.8.jar:/Users/charlan.bettiol/.m2/repository/io/ktor/ktor-events/2.3.8/ktor-events-2.3.8.jar:/Users/charlan.bettiol/.m2/repository/org/apache/commons/commons-lang3/3.12.0/commons-lang3-3.12.0.jar:/Users/charlan.bettiol/.m2/repository/com/github/mifmif/generex/1.0.2/generex-1.0.2.jar:/Users/charlan.bettiol/.m2/repository/commons-io/commons-io/2.14.0/commons-io-2.14.0.jar:/Users/charlan.bettiol/.m2/repository/org/apache/commons/commons-text/1.10.0/commons-text-1.10.0.jar:/Users/charlan.bettiol/.m2/repository/org/apache/tika/tika-core/2.9.1/tika-core-2.9.1.jar:/Users/charlan.bettiol/.m2/repository/org/junit/jupiter/junit-jupiter-api/5.9.3/junit-jupiter-api-5.9.3.jar:/Users/charlan.bettiol/.m2/repository/org/opentest4j/opentest4j/1.2.0/opentest4j-1.2.0.jar:/Users/charlan.bettiol/.m2/repository/org/junit/platform/junit-platform-commons/1.9.3/junit-platform-commons-1.9.3.jar:/Users/charlan.bettiol/.m2/repository/org/apiguardian/apiguardian-api/1.1.2/apiguardian-api-1.1.2.jar:/Users/charlan.bettiol/.m2/repository/org/jetbrains/kotlin/kotlin-stdlib/1.8.22/kotlin-stdlib-1.8.22.jar:/Users/charlan.bettiol/.m2/repository/org/jetbrains/kotlin/kotlin-stdlib-common/1.8.22/kotlin-stdlib-common-1.8.22.jar:/Users/charlan.bettiol/.m2/repository/org/jetbrains/annotations/13.0/annotations-13.0.jar:/Users/charlan.bettiol/.m2/repository/org/jetbrains/kotlin/kotlin-reflect/1.8.22/kotlin-reflect-1.8.22.jar:/Users/charlan.bettiol/.m2/repository/org/slf4j/slf4j-api/2.0.13/slf4j-api-2.0.13.jar:/Users/charlan.bettiol/.m2/repository/au/com/dius/pact/provider/junit5/4.6.10/junit5-4.6.10.jar:/Users/charlan.bettiol/.m2/repository/au/com/dius/pact/provider/4.6.10/provider-4.6.10.jar:/Users/charlan.bettiol/.m2/repository/io/github/classgraph/classgraph/4.8.129/classgraph-4.8.129.jar:/Users/charlan.bettiol/.m2/repository/org/apache/commons/commons-collections4/4.4/commons-collections4-4.4.jar:/Users/charlan.bettiol/.m2/repository/com/github/ajalt/mordant/1.2.1/mordant-1.2.1.jar:/Users/charlan.bettiol/.m2/repository/com/github/ajalt/colormath/1.2.0/colormath-1.2.0.jar:/Users/charlan.bettiol/.m2/repository/com/vladsch/flexmark/flexmark/0.62.2/flexmark-0.62.2.jar:/Users/charlan.bettiol/.m2/repository/com/vladsch/flexmark/flexmark-util-ast/0.62.2/flexmark-util-ast-0.62.2.jar:/Users/charlan.bettiol/.m2/repository/com/vladsch/flexmark/flexmark-util-builder/0.62.2/flexmark-util-builder-0.62.2.jar:/Users/charlan.bettiol/.m2/repository/com/vladsch/flexmark/flexmark-util-collection/0.62.2/flexmark-util-collection-0.62.2.jar:/Users/charlan.bettiol/.m2/repository/com/vladsch/flexmark/flexmark-util-data/0.62.2/flexmark-util-data-0.62.2.jar:/Users/charlan.bettiol/.m2/repository/com/vladsch/flexmark/flexmark-util-dependency/0.62.2/flexmark-util-dependency-0.62.2.jar:/Users/charlan.bettiol/.m2/repository/com/vladsch/flexmark/flexmark-util-format/0.62.2/flexmark-util-format-0.62.2.jar:/Users/charlan.bettiol/.m2/repository/com/vladsch/flexmark/flexmark-util-html/0.62.2/flexmark-util-html-0.62.2.jar:/Users/charlan.bettiol/.m2/repository/com/vladsch/flexmark/flexmark-util-misc/0.62.2/flexmark-util-misc-0.62.2.jar:/Users/charlan.bettiol/.m2/repository/com/vladsch/flexmark/flexmark-util-sequence/0.62.2/flexmark-util-sequence-0.62.2.jar:/Users/charlan.bettiol/.m2/repository/com/vladsch/flexmark/flexmark-util-visitor/0.62.2/flexmark-util-visitor-0.62.2.jar:/Users/charlan.bettiol/.m2/repository/com/vladsch/flexmark/flexmark-ext-tables/0.62.2/flexmark-ext-tables-0.62.2.jar:/Users/charlan.bettiol/.m2/repository/com/vladsch/flexmark/flexmark-util/0.62.2/flexmark-util-0.62.2.jar:/Users/charlan.bettiol/.m2/repository/com/vladsch/flexmark/flexmark-util-options/0.62.2/flexmark-util-options-0.62.2.jar:/Users/charlan.bettiol/.m2/repository/org/apache/groovy/groovy/4.0.21/groovy-4.0.21.jar:/Users/charlan.bettiol/.m2/repository/au/com/dius/pact/core/support/4.6.10/support-4.6.10.jar:/Users/charlan.bettiol/.m2/repository/io/github/oshai/kotlin-logging-jvm/5.1.4/kotlin-logging-jvm-5.1.4.jar:/Users/charlan.bettiol/.m2/repository/commons-codec/commons-codec/1.15/commons-codec-1.15.jar:/Users/charlan.bettiol/.m2/repository/au/com/dius/pact/core/pactbroker/4.6.10/pactbroker-4.6.10.jar:/Users/charlan.bettiol/.m2/repository/com/google/guava/guava/31.1-jre/guava-31.1-jre.jar:/Users/charlan.bettiol/.m2/repository/com/google/guava/failureaccess/1.0.1/failureaccess-1.0.1.jar:/Users/charlan.bettiol/.m2/repository/com/google/guava/listenablefuture/9999.0-empty-to-avoid-conflict-with-guava/listenablefuture-9999.0-empty-to-avoid-conflict-with-guava.jar:/Users/charlan.bettiol/.m2/repository/com/google/code/findbugs/jsr305/3.0.2/jsr305-3.0.2.jar:/Users/charlan.bettiol/.m2/repository/org/checkerframework/checker-qual/3.12.0/checker-qual-3.12.0.jar:/Users/charlan.bettiol/.m2/repository/com/google/errorprone/error_prone_annotations/2.11.0/error_prone_annotations-2.11.0.jar:/Users/charlan.bettiol/.m2/repository/com/google/j2objc/j2objc-annotations/1.3/j2objc-annotations-1.3.jar:/Users/charlan.bettiol/.m2/repository/au/com/dius/pact/core/model/4.6.10/model-4.6.10.jar:/Users/charlan.bettiol/.m2/repository/javax/mail/mail/1.5.0-b01/mail-1.5.0-b01.jar:/Users/charlan.bettiol/.m2/repository/javax/activation/activation/1.1/activation-1.1.jar:/Users/charlan.bettiol/.m2/repository/io/ktor/ktor-http-jvm/2.3.8/ktor-http-jvm-2.3.8.jar:/Users/charlan.bettiol/.m2/repository/org/jetbrains/kotlin/kotlin-stdlib-jdk7/1.8.22/kotlin-stdlib-jdk7-1.8.22.jar:/Users/charlan.bettiol/.m2/repository/org/jetbrains/kotlinx/kotlinx-coroutines-jdk8/1.6.4/kotlinx-coroutines-jdk8-1.6.4.jar:/Users/charlan.bettiol/.m2/repository/org/jetbrains/kotlinx/kotlinx-coroutines-core-jvm/1.6.4/kotlinx-coroutines-core-jvm-1.6.4.jar:/Users/charlan.bettiol/.m2/repository/io/ktor/ktor-utils-jvm/2.3.8/ktor-utils-jvm-2.3.8.jar:/Users/charlan.bettiol/.m2/repository/io/ktor/ktor-io-jvm/2.3.8/ktor-io-jvm-2.3.8.jar:/Users/charlan.bettiol/.m2/repository/commons-beanutils/commons-beanutils/1.9.4/commons-beanutils-1.9.4.jar:/Users/charlan.bettiol/.m2/repository/commons-logging/commons-logging/1.2/commons-logging-1.2.jar:/Users/charlan.bettiol/.m2/repository/commons-collections/commons-collections/3.2.2/commons-collections-3.2.2.jar:/Users/charlan.bettiol/.m2/repository/io/pact/plugin/driver/core/0.4.2/core-0.4.2.jar:/Users/charlan.bettiol/.m2/repository/com/vdurmont/semver4j/3.1.0/semver4j-3.1.0.jar:/Users/charlan.bettiol/.m2/repository/io/grpc/grpc-protobuf/1.56.1/grpc-protobuf-1.56.1.jar:/Users/charlan.bettiol/.m2/repository/io/grpc/grpc-api/1.56.1/grpc-api-1.56.1.jar:/Users/charlan.bettiol/.m2/repository/io/grpc/grpc-context/1.56.1/grpc-context-1.56.1.jar:/Users/charlan.bettiol/.m2/repository/com/google/protobuf/protobuf-java/3.22.3/protobuf-java-3.22.3.jar:/Users/charlan.bettiol/.m2/repository/com/google/api/grpc/proto-google-common-protos/2.17.0/proto-google-common-protos-2.17.0.jar:/Users/charlan.bettiol/.m2/repository/io/grpc/grpc-protobuf-lite/1.56.1/grpc-protobuf-lite-1.56.1.jar:/Users/charlan.bettiol/.m2/repository/io/grpc/grpc-stub/1.56.1/grpc-stub-1.56.1.jar:/Users/charlan.bettiol/.m2/repository/io/grpc/grpc-netty/1.56.1/grpc-netty-1.56.1.jar:/Users/charlan.bettiol/.m2/repository/io/grpc/grpc-core/1.56.1/grpc-core-1.56.1.jar:/Users/charlan.bettiol/.m2/repository/com/google/android/annotations/4.1.1.4/annotations-4.1.1.4.jar:/Users/charlan.bettiol/.m2/repository/org/codehaus/mojo/animal-sniffer-annotations/1.23/animal-sniffer-annotations-1.23.jar:/Users/charlan.bettiol/.m2/repository/io/netty/netty-handler-proxy/4.1.109.Final/netty-handler-proxy-4.1.109.Final.jar:/Users/charlan.bettiol/.m2/repository/io/netty/netty-codec-socks/4.1.109.Final/netty-codec-socks-4.1.109.Final.jar:/Users/charlan.bettiol/.m2/repository/io/perfmark/perfmark-api/0.26.0/perfmark-api-0.26.0.jar:/Users/charlan.bettiol/.m2/repository/javax/annotation/javax.annotation-api/1.3.2/javax.annotation-api-1.3.2.jar:/Users/charlan.bettiol/.m2/repository/javax/json/javax.json-api/1.1.4/javax.json-api-1.1.4.jar:/Users/charlan.bettiol/.m2/repository/org/glassfish/javax.json/1.1.4/javax.json-1.1.4.jar:/Users/charlan.bettiol/.m2/repository/com/moandjiezana/toml/toml4j/0.7.2/toml4j-0.7.2.jar:/Users/charlan.bettiol/.m2/repository/com/google/code/gson/gson/2.10.1/gson-2.10.1.jar:/Users/charlan.bettiol/.m2/repository/org/rauschig/jarchivelib/1.2.0/jarchivelib-1.2.0.jar:/Users/charlan.bettiol/.m2/repository/org/apache/commons/commons-compress/1.21/commons-compress-1.21.jar:/Users/charlan.bettiol/.m2/repository/com/michael-bull/kotlin-result/kotlin-result-jvm/1.1.14/kotlin-result-jvm-1.1.14.jar:/Users/charlan.bettiol/.m2/repository/org/jetbrains/kotlin/kotlin-stdlib-jdk8/1.8.22/kotlin-stdlib-jdk8-1.8.22.jar:/Users/charlan.bettiol/.m2/repository/org/wiremock/wiremock-standalone/3.4.2/wiremock-standalone-3.4.2.jar:"/>
    <property name="sun.cpu.endian" value="little"/>
    <property name="user.home" value="/Users/charlan.bettiol"/>
    <property name="user.language" value="pt"/>
    <property name="java.specification.vendor" value="Oracle Corporation"/>
    <property name="java.version.date" value="2024-01-16"/>
    <property name="java.home" value="/Users/charlan.bettiol/Library/Java/JavaVirtualMachines/openjdk-21.0.2/Contents/Home"/>
    <property name="file.separator" value="/"/>
    <property name="basedir" value="/Users/charlan.bettiol/Documents/presentation_pact_demo/consumer"/>
    <property name="java.vm.compressedOopsMode" value="Zero based"/>
    <property name="line.separator" value="&#10;"/>
    <property name="java.vm.specification.vendor" value="Oracle Corporation"/>
    <property name="java.specification.name" value="Java Platform API Specification"/>
    <property name="apple.awt.application.name" value="ForkedBooter"/>
    <property name="surefire.real.class.path" value="/Users/charlan.bettiol/Documents/presentation_pact_demo/consumer/target/surefire/surefirebooter-20240624173157965_3.jar"/>
    <property name="sun.management.compiler" value="HotSpot 64-Bit Tiered Compilers"/>
    <property name="ftp.nonProxyHosts" value="local|*.local|169.254/16|*.169.254/16"/>
    <property name="java.runtime.version" value="21.0.2+13-58"/>
    <property name="user.name" value="charlan.bettiol"/>
    <property name="stdout.encoding" value="UTF-8"/>
    <property name="path.separator" value=":"/>
    <property name="os.version" value="13.6.1"/>
    <property name="java.runtime.name" value="OpenJDK Runtime Environment"/>
    <property name="file.encoding" value="UTF-8"/>
    <property name="java.vm.name" value="OpenJDK 64-Bit Server VM"/>
    <property name="localRepository" value="/Users/charlan.bettiol/.m2/repository"/>
    <property name="java.vendor.url.bug" value="https://bugreport.java.com/bugreport/"/>
    <property name="java.io.tmpdir" value="/var/folders/n8/9cnlvmbs6h38d0yjvrd9dcdh3_bb3c/T/"/>
    <property name="java.version" value="21.0.2"/>
    <property name="user.dir" value="/Users/charlan.bettiol/Documents/presentation_pact_demo/consumer"/>
    <property name="os.arch" value="aarch64"/>
    <property name="java.vm.specification.name" value="Java Virtual Machine Specification"/>
    <property name="native.encoding" value="UTF-8"/>
    <property name="java.library.path" value="/Users/charlan.bettiol/Library/Java/Extensions:/Library/Java/Extensions:/Network/Library/Java/Extensions:/System/Library/Java/Extensions:/usr/lib/java:."/>
    <property name="java.vm.info" value="mixed mode, sharing"/>
    <property name="stderr.encoding" value="UTF-8"/>
    <property name="java.vendor" value="Oracle Corporation"/>
    <property name="java.vm.version" value="21.0.2+13-58"/>
    <property name="sun.io.unicode.encoding" value="UnicodeBig"/>
    <property name="socksNonProxyHosts" value="local|*.local|169.254/16|*.169.254/16"/>
    <property name="java.class.version" value="65.0"/>
  </properties>
  <testcase name="testInsertUser" classname="com.example.consumer.DataServiceTest" time="0.587">
    <system-out><![CDATA[{"message": "User inserted successfully"}
{"message": "User inserted successfully"}
]]></system-out>
    <system-err><![CDATA[WARNING: A Java agent has been loaded dynamically (/Users/charlan.bettiol/.m2/repository/net/bytebuddy/byte-buddy-agent/1.14.13/byte-buddy-agent-1.14.13.jar)
WARNING: If a serviceability tool is in use, please run with -XX:+EnableDynamicAgentLoading to hide this warning
WARNING: If a serviceability tool is not in use, please run with -Djdk.instrument.traceUsage for more information
WARNING: Dynamic loading of agents will be disallowed by default in a future release
]]></system-err>
  </testcase>
</testsuite>