<?xml version="1.0" encoding="UTF-8"?>
<testsuite xmlns:xsi="http://www.w3.org/2001/XMLSchema-instance" xsi:noNamespaceSchemaLocation="https://maven.apache.org/surefire/maven-surefire-plugin/xsd/surefire-test-report.xsd" name="com.example.provider.pacts.provider.apiProviderContractTest" time="0.609" tests="1" errors="0" skipped="1" failures="0">
  <properties>
    <property name="java.specification.version" value="21"/>
    <property name="sun.jnu.encoding" value="UTF-8"/>
    <property name="java.class.path" value="/Users/charlan.bettiol/Documents/presentation_pact_demo/provider/target/test-classes:/Users/charlan.bettiol/Documents/presentation_pact_demo/provider/target/classes:/Users/charlan.bettiol/.m2/repository/org/springframework/boot/spring-boot-starter-web/2.6.3/spring-boot-starter-web-2.6.3.jar:/Users/charlan.bettiol/.m2/repository/org/springframework/boot/spring-boot-starter/2.6.3/spring-boot-starter-2.6.3.jar:/Users/charlan.bettiol/.m2/repository/org/springframework/boot/spring-boot/2.6.3/spring-boot-2.6.3.jar:/Users/charlan.bettiol/.m2/repository/org/springframework/boot/spring-boot-autoconfigure/2.6.3/spring-boot-autoconfigure-2.6.3.jar:/Users/charlan.bettiol/.m2/repository/org/springframework/boot/spring-boot-starter-logging/2.6.3/spring-boot-starter-logging-2.6.3.jar:/Users/charlan.bettiol/.m2/repository/ch/qos/logback/logback-classic/1.2.10/logback-classic-1.2.10.jar:/Users/charlan.bettiol/.m2/repository/ch/qos/logback/logback-core/1.2.10/logback-core-1.2.10.jar:/Users/charlan.bettiol/.m2/repository/org/apache/logging/log4j/log4j-to-slf4j/2.17.1/log4j-to-slf4j-2.17.1.jar:/Users/charlan.bettiol/.m2/repository/org/apache/logging/log4j/log4j-api/2.17.1/log4j-api-2.17.1.jar:/Users/charlan.bettiol/.m2/repository/org/slf4j/jul-to-slf4j/1.7.33/jul-to-slf4j-1.7.33.jar:/Users/charlan.bettiol/.m2/repository/jakarta/annotation/jakarta.annotation-api/1.3.5/jakarta.annotation-api-1.3.5.jar:/Users/charlan.bettiol/.m2/repository/org/yaml/snakeyaml/1.29/snakeyaml-1.29.jar:/Users/charlan.bettiol/.m2/repository/org/springframework/boot/spring-boot-starter-json/2.6.3/spring-boot-starter-json-2.6.3.jar:/Users/charlan.bettiol/.m2/repository/com/fasterxml/jackson/core/jackson-databind/2.13.1/jackson-databind-2.13.1.jar:/Users/charlan.bettiol/.m2/repository/com/fasterxml/jackson/core/jackson-annotations/2.13.1/jackson-annotations-2.13.1.jar:/Users/charlan.bettiol/.m2/repository/com/fasterxml/jackson/core/jackson-core/2.13.1/jackson-core-2.13.1.jar:/Users/charlan.bettiol/.m2/repository/com/fasterxml/jackson/datatype/jackson-datatype-jdk8/2.13.1/jackson-datatype-jdk8-2.13.1.jar:/Users/charlan.bettiol/.m2/repository/com/fasterxml/jackson/datatype/jackson-datatype-jsr310/2.13.1/jackson-datatype-jsr310-2.13.1.jar:/Users/charlan.bettiol/.m2/repository/com/fasterxml/jackson/module/jackson-module-parameter-names/2.13.1/jackson-module-parameter-names-2.13.1.jar:/Users/charlan.bettiol/.m2/repository/org/springframework/boot/spring-boot-starter-tomcat/2.6.3/spring-boot-starter-tomcat-2.6.3.jar:/Users/charlan.bettiol/.m2/repository/org/apache/tomcat/embed/tomcat-embed-core/9.0.56/tomcat-embed-core-9.0.56.jar:/Users/charlan.bettiol/.m2/repository/org/apache/tomcat/embed/tomcat-embed-el/9.0.56/tomcat-embed-el-9.0.56.jar:/Users/charlan.bettiol/.m2/repository/org/apache/tomcat/embed/tomcat-embed-websocket/9.0.56/tomcat-embed-websocket-9.0.56.jar:/Users/charlan.bettiol/.m2/repository/org/springframework/spring-web/5.3.15/spring-web-5.3.15.jar:/Users/charlan.bettiol/.m2/repository/org/springframework/spring-beans/5.3.15/spring-beans-5.3.15.jar:/Users/charlan.bettiol/.m2/repository/org/springframework/spring-webmvc/5.3.15/spring-webmvc-5.3.15.jar:/Users/charlan.bettiol/.m2/repository/org/springframework/spring-aop/5.3.15/spring-aop-5.3.15.jar:/Users/charlan.bettiol/.m2/repository/org/springframework/spring-context/5.3.15/spring-context-5.3.15.jar:/Users/charlan.bettiol/.m2/repository/org/springframework/spring-expression/5.3.15/spring-expression-5.3.15.jar:/Users/charlan.bettiol/.m2/repository/org/assertj/assertj-core/3.21.0/assertj-core-3.21.0.jar:/Users/charlan.bettiol/.m2/repository/org/springframework/boot/spring-boot-starter-test/2.6.3/spring-boot-starter-test-2.6.3.jar:/Users/charlan.bettiol/.m2/repository/org/springframework/boot/spring-boot-test/2.6.3/spring-boot-test-2.6.3.jar:/Users/charlan.bettiol/.m2/repository/org/springframework/boot/spring-boot-test-autoconfigure/2.6.3/spring-boot-test-autoconfigure-2.6.3.jar:/Users/charlan.bettiol/.m2/repository/com/jayway/jsonpath/json-path/2.6.0/json-path-2.6.0.jar:/Users/charlan.bettiol/.m2/repository/net/minidev/json-smart/2.4.7/json-smart-2.4.7.jar:/Users/charlan.bettiol/.m2/repository/net/minidev/accessors-smart/2.4.7/accessors-smart-2.4.7.jar:/Users/charlan.bettiol/.m2/repository/org/ow2/asm/asm/9.1/asm-9.1.jar:/Users/charlan.bettiol/.m2/repository/jakarta/xml/bind/jakarta.xml.bind-api/2.3.3/jakarta.xml.bind-api-2.3.3.jar:/Users/charlan.bettiol/.m2/repository/jakarta/activation/jakarta.activation-api/1.2.2/jakarta.activation-api-1.2.2.jar:/Users/charlan.bettiol/.m2/repository/org/hamcrest/hamcrest/2.2/hamcrest-2.2.jar:/Users/charlan.bettiol/.m2/repository/org/junit/jupiter/junit-jupiter/5.8.2/junit-jupiter-5.8.2.jar:/Users/charlan.bettiol/.m2/repository/org/junit/jupiter/junit-jupiter-params/5.8.2/junit-jupiter-params-5.8.2.jar:/Users/charlan.bettiol/.m2/repository/org/junit/jupiter/junit-jupiter-engine/5.8.2/junit-jupiter-engine-5.8.2.jar:/Users/charlan.bettiol/.m2/repository/org/junit/platform/junit-platform-engine/1.8.2/junit-platform-engine-1.8.2.jar:/Users/charlan.bettiol/.m2/repository/org/mockito/mockito-core/4.0.0/mockito-core-4.0.0.jar:/Users/charlan.bettiol/.m2/repository/net/bytebuddy/byte-buddy/1.11.22/byte-buddy-1.11.22.jar:/Users/charlan.bettiol/.m2/repository/net/bytebuddy/byte-buddy-agent/1.11.22/byte-buddy-agent-1.11.22.jar:/Users/charlan.bettiol/.m2/repository/org/objenesis/objenesis/3.2/objenesis-3.2.jar:/Users/charlan.bettiol/.m2/repository/org/mockito/mockito-junit-jupiter/4.0.0/mockito-junit-jupiter-4.0.0.jar:/Users/charlan.bettiol/.m2/repository/org/skyscreamer/jsonassert/1.5.0/jsonassert-1.5.0.jar:/Users/charlan.bettiol/.m2/repository/com/vaadin/external/google/android-json/0.0.20131108.vaadin1/android-json-0.0.20131108.vaadin1.jar:/Users/charlan.bettiol/.m2/repository/org/springframework/spring-core/5.3.15/spring-core-5.3.15.jar:/Users/charlan.bettiol/.m2/repository/org/springframework/spring-jcl/5.3.15/spring-jcl-5.3.15.jar:/Users/charlan.bettiol/.m2/repository/org/springframework/spring-test/5.3.15/spring-test-5.3.15.jar:/Users/charlan.bettiol/.m2/repository/org/xmlunit/xmlunit-core/2.8.4/xmlunit-core-2.8.4.jar:/Users/charlan.bettiol/.m2/repository/au/com/dius/pact/provider/junit5/4.3.10/junit5-4.3.10.jar:/Users/charlan.bettiol/.m2/repository/au/com/dius/pact/core/support/4.3.10/support-4.3.10.jar:/Users/charlan.bettiol/.m2/repository/io/github/microutils/kotlin-logging-jvm/2.0.10/kotlin-logging-jvm-2.0.10.jar:/Users/charlan.bettiol/.m2/repository/org/apache/httpcomponents/client5/httpclient5/5.1.2/httpclient5-5.1.2.jar:/Users/charlan.bettiol/.m2/repository/org/apache/httpcomponents/core5/httpcore5/5.1.3/httpcore5-5.1.3.jar:/Users/charlan.bettiol/.m2/repository/org/apache/httpcomponents/core5/httpcore5-h2/5.1.3/httpcore5-h2-5.1.3.jar:/Users/charlan.bettiol/.m2/repository/commons-codec/commons-codec/1.15/commons-codec-1.15.jar:/Users/charlan.bettiol/.m2/repository/com/michael-bull/kotlin-result/kotlin-result-jvm/1.1.12/kotlin-result-jvm-1.1.12.jar:/Users/charlan.bettiol/.m2/repository/org/antlr/antlr4/4.9.2/antlr4-4.9.2.jar:/Users/charlan.bettiol/.m2/repository/org/antlr/antlr4-runtime/4.9.2/antlr4-runtime-4.9.2.jar:/Users/charlan.bettiol/.m2/repository/org/antlr/antlr-runtime/3.5.2/antlr-runtime-3.5.2.jar:/Users/charlan.bettiol/.m2/repository/org/antlr/ST4/4.3/ST4-4.3.jar:/Users/charlan.bettiol/.m2/repository/org/abego/treelayout/org.abego.treelayout.core/1.0.3/org.abego.treelayout.core-1.0.3.jar:/Users/charlan.bettiol/.m2/repository/org/glassfish/javax.json/1.0.4/javax.json-1.0.4.jar:/Users/charlan.bettiol/.m2/repository/com/ibm/icu/icu4j/61.1/icu4j-61.1.jar:/Users/charlan.bettiol/.m2/repository/org/apache/commons/commons-lang3/3.12.0/commons-lang3-3.12.0.jar:/Users/charlan.bettiol/.m2/repository/com/google/code/findbugs/jsr305/3.0.2/jsr305-3.0.2.jar:/Users/charlan.bettiol/.m2/repository/org/apache/httpcomponents/client5/httpclient5-fluent/5.1.2/httpclient5-fluent-5.1.2.jar:/Users/charlan.bettiol/.m2/repository/au/com/dius/pact/provider/4.3.10/provider-4.3.10.jar:/Users/charlan.bettiol/.m2/repository/au/com/dius/pact/core/model/4.3.10/model-4.3.10.jar:/Users/charlan.bettiol/.m2/repository/com/github/mifmif/generex/1.0.2/generex-1.0.2.jar:/Users/charlan.bettiol/.m2/repository/dk/brics/automaton/automaton/1.11-8/automaton-1.11-8.jar:/Users/charlan.bettiol/.m2/repository/javax/mail/mail/1.5.0-b01/mail-1.5.0-b01.jar:/Users/charlan.bettiol/.m2/repository/javax/activation/activation/1.1/activation-1.1.jar:/Users/charlan.bettiol/.m2/repository/org/apache/tika/tika-core/1.27/tika-core-1.27.jar:/Users/charlan.bettiol/.m2/repository/io/ktor/ktor-http-jvm/1.6.1/ktor-http-jvm-1.6.1.jar:/Users/charlan.bettiol/.m2/repository/org/jetbrains/kotlin/kotlin-stdlib-jdk7/1.6.10/kotlin-stdlib-jdk7-1.6.10.jar:/Users/charlan.bettiol/.m2/repository/org/jetbrains/kotlinx/kotlinx-coroutines-core-jvm/1.5.2/kotlinx-coroutines-core-jvm-1.5.2.jar:/Users/charlan.bettiol/.m2/repository/io/ktor/ktor-utils-jvm/1.6.1/ktor-utils-jvm-1.6.1.jar:/Users/charlan.bettiol/.m2/repository/io/ktor/ktor-io-jvm/1.6.1/ktor-io-jvm-1.6.1.jar:/Users/charlan.bettiol/.m2/repository/commons-beanutils/commons-beanutils/1.9.4/commons-beanutils-1.9.4.jar:/Users/charlan.bettiol/.m2/repository/commons-logging/commons-logging/1.2/commons-logging-1.2.jar:/Users/charlan.bettiol/.m2/repository/commons-collections/commons-collections/3.2.2/commons-collections-3.2.2.jar:/Users/charlan.bettiol/.m2/repository/au/com/dius/pact/core/matchers/4.3.10/matchers-4.3.10.jar:/Users/charlan.bettiol/.m2/repository/com/googlecode/java-diff-utils/diffutils/1.3.0/diffutils-1.3.0.jar:/Users/charlan.bettiol/.m2/repository/xerces/xercesImpl/2.12.1/xercesImpl-2.12.1.jar:/Users/charlan.bettiol/.m2/repository/xml-apis/xml-apis/1.4.01/xml-apis-1.4.01.jar:/Users/charlan.bettiol/.m2/repository/org/atteo/evo-inflector/1.3/evo-inflector-1.3.jar:/Users/charlan.bettiol/.m2/repository/com/github/zafarkhaja/java-semver/0.9.0/java-semver-0.9.0.jar:/Users/charlan.bettiol/.m2/repository/au/com/dius/pact/core/pactbroker/4.3.10/pactbroker-4.3.10.jar:/Users/charlan.bettiol/.m2/repository/org/jetbrains/kotlin/kotlin-stdlib-jdk8/1.6.10/kotlin-stdlib-jdk8-1.6.10.jar:/Users/charlan.bettiol/.m2/repository/com/google/guava/guava/30.1.1-jre/guava-30.1.1-jre.jar:/Users/charlan.bettiol/.m2/repository/com/google/guava/failureaccess/1.0.1/failureaccess-1.0.1.jar:/Users/charlan.bettiol/.m2/repository/com/google/guava/listenablefuture/9999.0-empty-to-avoid-conflict-with-guava/listenablefuture-9999.0-empty-to-avoid-conflict-with-guava.jar:/Users/charlan.bettiol/.m2/repository/org/checkerframework/checker-qual/3.8.0/checker-qual-3.8.0.jar:/Users/charlan.bettiol/.m2/repository/com/google/errorprone/error_prone_annotations/2.5.1/error_prone_annotations-2.5.1.jar:/Users/charlan.bettiol/.m2/repository/com/google/j2objc/j2objc-annotations/1.3/j2objc-annotations-1.3.jar:/Users/charlan.bettiol/.m2/repository/io/github/classgraph/classgraph/4.8.129/classgraph-4.8.129.jar:/Users/charlan.bettiol/.m2/repository/commons-io/commons-io/2.11.0/commons-io-2.11.0.jar:/Users/charlan.bettiol/.m2/repository/org/codehaus/groovy/groovy/3.0.9/groovy-3.0.9.jar:/Users/charlan.bettiol/.m2/repository/com/github/ajalt/mordant/1.2.1/mordant-1.2.1.jar:/Users/charlan.bettiol/.m2/repository/com/github/ajalt/colormath/1.2.0/colormath-1.2.0.jar:/Users/charlan.bettiol/.m2/repository/com/vladsch/flexmark/flexmark/0.62.2/flexmark-0.62.2.jar:/Users/charlan.bettiol/.m2/repository/com/vladsch/flexmark/flexmark-util-ast/0.62.2/flexmark-util-ast-0.62.2.jar:/Users/charlan.bettiol/.m2/repository/com/vladsch/flexmark/flexmark-util-builder/0.62.2/flexmark-util-builder-0.62.2.jar:/Users/charlan.bettiol/.m2/repository/com/vladsch/flexmark/flexmark-util-collection/0.62.2/flexmark-util-collection-0.62.2.jar:/Users/charlan.bettiol/.m2/repository/com/vladsch/flexmark/flexmark-util-data/0.62.2/flexmark-util-data-0.62.2.jar:/Users/charlan.bettiol/.m2/repository/com/vladsch/flexmark/flexmark-util-dependency/0.62.2/flexmark-util-dependency-0.62.2.jar:/Users/charlan.bettiol/.m2/repository/com/vladsch/flexmark/flexmark-util-format/0.62.2/flexmark-util-format-0.62.2.jar:/Users/charlan.bettiol/.m2/repository/com/vladsch/flexmark/flexmark-util-html/0.62.2/flexmark-util-html-0.62.2.jar:/Users/charlan.bettiol/.m2/repository/com/vladsch/flexmark/flexmark-util-misc/0.62.2/flexmark-util-misc-0.62.2.jar:/Users/charlan.bettiol/.m2/repository/com/vladsch/flexmark/flexmark-util-sequence/0.62.2/flexmark-util-sequence-0.62.2.jar:/Users/charlan.bettiol/.m2/repository/com/vladsch/flexmark/flexmark-util-visitor/0.62.2/flexmark-util-visitor-0.62.2.jar:/Users/charlan.bettiol/.m2/repository/com/vladsch/flexmark/flexmark-ext-tables/0.62.2/flexmark-ext-tables-0.62.2.jar:/Users/charlan.bettiol/.m2/repository/com/vladsch/flexmark/flexmark-util/0.62.2/flexmark-util-0.62.2.jar:/Users/charlan.bettiol/.m2/repository/com/vladsch/flexmark/flexmark-util-options/0.62.2/flexmark-util-options-0.62.2.jar:/Users/charlan.bettiol/.m2/repository/org/apache/commons/commons-collections4/4.4/commons-collections4-4.4.jar:/Users/charlan.bettiol/.m2/repository/io/pact/plugin/driver/core/0.0.9/core-0.0.9.jar:/Users/charlan.bettiol/.m2/repository/com/vdurmont/semver4j/3.1.0/semver4j-3.1.0.jar:/Users/charlan.bettiol/.m2/repository/io/grpc/grpc-protobuf/1.42.0/grpc-protobuf-1.42.0.jar:/Users/charlan.bettiol/.m2/repository/io/grpc/grpc-api/1.42.0/grpc-api-1.42.0.jar:/Users/charlan.bettiol/.m2/repository/io/grpc/grpc-context/1.42.0/grpc-context-1.42.0.jar:/Users/charlan.bettiol/.m2/repository/com/google/protobuf/protobuf-java/3.17.2/protobuf-java-3.17.2.jar:/Users/charlan.bettiol/.m2/repository/com/google/api/grpc/proto-google-common-protos/2.0.1/proto-google-common-protos-2.0.1.jar:/Users/charlan.bettiol/.m2/repository/io/grpc/grpc-protobuf-lite/1.42.0/grpc-protobuf-lite-1.42.0.jar:/Users/charlan.bettiol/.m2/repository/io/grpc/grpc-stub/1.42.0/grpc-stub-1.42.0.jar:/Users/charlan.bettiol/.m2/repository/io/grpc/grpc-netty/1.42.0/grpc-netty-1.42.0.jar:/Users/charlan.bettiol/.m2/repository/io/grpc/grpc-core/1.42.0/grpc-core-1.42.0.jar:/Users/charlan.bettiol/.m2/repository/com/google/code/gson/gson/2.8.9/gson-2.8.9.jar:/Users/charlan.bettiol/.m2/repository/com/google/android/annotations/4.1.1.4/annotations-4.1.1.4.jar:/Users/charlan.bettiol/.m2/repository/org/codehaus/mojo/animal-sniffer-annotations/1.19/animal-sniffer-annotations-1.19.jar:/Users/charlan.bettiol/.m2/repository/io/netty/netty-codec-http2/4.1.73.Final/netty-codec-http2-4.1.73.Final.jar:/Users/charlan.bettiol/.m2/repository/io/netty/netty-common/4.1.73.Final/netty-common-4.1.73.Final.jar:/Users/charlan.bettiol/.m2/repository/io/netty/netty-buffer/4.1.73.Final/netty-buffer-4.1.73.Final.jar:/Users/charlan.bettiol/.m2/repository/io/netty/netty-transport/4.1.73.Final/netty-transport-4.1.73.Final.jar:/Users/charlan.bettiol/.m2/repository/io/netty/netty-resolver/4.1.73.Final/netty-resolver-4.1.73.Final.jar:/Users/charlan.bettiol/.m2/repository/io/netty/netty-codec/4.1.73.Final/netty-codec-4.1.73.Final.jar:/Users/charlan.bettiol/.m2/repository/io/netty/netty-handler/4.1.73.Final/netty-handler-4.1.73.Final.jar:/Users/charlan.bettiol/.m2/repository/io/netty/netty-tcnative-classes/2.0.46.Final/netty-tcnative-classes-2.0.46.Final.jar:/Users/charlan.bettiol/.m2/repository/io/netty/netty-codec-http/4.1.73.Final/netty-codec-http-4.1.73.Final.jar:/Users/charlan.bettiol/.m2/repository/io/netty/netty-handler-proxy/4.1.73.Final/netty-handler-proxy-4.1.73.Final.jar:/Users/charlan.bettiol/.m2/repository/io/netty/netty-codec-socks/4.1.73.Final/netty-codec-socks-4.1.73.Final.jar:/Users/charlan.bettiol/.m2/repository/io/perfmark/perfmark-api/0.23.0/perfmark-api-0.23.0.jar:/Users/charlan.bettiol/.m2/repository/javax/annotation/javax.annotation-api/1.3.2/javax.annotation-api-1.3.2.jar:/Users/charlan.bettiol/.m2/repository/javax/json/javax.json-api/1.1.4/javax.json-api-1.1.4.jar:/Users/charlan.bettiol/.m2/repository/org/junit/jupiter/junit-jupiter-api/5.8.2/junit-jupiter-api-5.8.2.jar:/Users/charlan.bettiol/.m2/repository/org/opentest4j/opentest4j/1.2.0/opentest4j-1.2.0.jar:/Users/charlan.bettiol/.m2/repository/org/junit/platform/junit-platform-commons/1.8.2/junit-platform-commons-1.8.2.jar:/Users/charlan.bettiol/.m2/repository/org/apiguardian/apiguardian-api/1.1.2/apiguardian-api-1.1.2.jar:/Users/charlan.bettiol/.m2/repository/org/jetbrains/kotlin/kotlin-stdlib/1.6.10/kotlin-stdlib-1.6.10.jar:/Users/charlan.bettiol/.m2/repository/org/jetbrains/annotations/13.0/annotations-13.0.jar:/Users/charlan.bettiol/.m2/repository/org/jetbrains/kotlin/kotlin-stdlib-common/1.6.10/kotlin-stdlib-common-1.6.10.jar:/Users/charlan.bettiol/.m2/repository/org/jetbrains/kotlin/kotlin-reflect/1.6.10/kotlin-reflect-1.6.10.jar:/Users/charlan.bettiol/.m2/repository/org/slf4j/slf4j-api/1.7.33/slf4j-api-1.7.33.jar:/Users/charlan.bettiol/.m2/repository/org/wiremock/wiremock-standalone/3.5.4/wiremock-standalone-3.5.4.jar:"/>
    <property name="java.vm.vendor" value="Oracle Corporation"/>
    <property name="sun.arch.data.model" value="64"/>
    <property name="java.vendor.url" value="https://java.oracle.com/"/>
    <property name="os.name" value="Mac OS X"/>
    <property name="java.vm.specification.version" value="21"/>
    <property name="sun.java.launcher" value="SUN_STANDARD"/>
    <property name="user.country" value="BR"/>
    <property name="sun.boot.library.path" value="/Users/charlan.bettiol/Library/Java/JavaVirtualMachines/openjdk-21.0.2/Contents/Home/lib"/>
    <property name="sun.java.command" value="/Users/charlan.bettiol/Documents/presentation_pact_demo/provider/target/surefire/surefirebooter3782544688771500294.jar /Users/charlan.bettiol/Documents/presentation_pact_demo/provider/target/surefire 2024-06-24T17-11-36_578-jvmRun1 surefire2410153018094205059tmp surefire_09854285900296734846tmp"/>
    <property name="http.nonProxyHosts" value="local|*.local|169.254/16|*.169.254/16"/>
    <property name="jdk.debug" value="release"/>
    <property name="surefire.test.class.path" value="/Users/charlan.bettiol/Documents/presentation_pact_demo/provider/target/test-classes:/Users/charlan.bettiol/Documents/presentation_pact_demo/provider/target/classes:/Users/charlan.bettiol/.m2/repository/org/springframework/boot/spring-boot-starter-web/2.6.3/spring-boot-starter-web-2.6.3.jar:/Users/charlan.bettiol/.m2/repository/org/springframework/boot/spring-boot-starter/2.6.3/spring-boot-starter-2.6.3.jar:/Users/charlan.bettiol/.m2/repository/org/springframework/boot/spring-boot/2.6.3/spring-boot-2.6.3.jar:/Users/charlan.bettiol/.m2/repository/org/springframework/boot/spring-boot-autoconfigure/2.6.3/spring-boot-autoconfigure-2.6.3.jar:/Users/charlan.bettiol/.m2/repository/org/springframework/boot/spring-boot-starter-logging/2.6.3/spring-boot-starter-logging-2.6.3.jar:/Users/charlan.bettiol/.m2/repository/ch/qos/logback/logback-classic/1.2.10/logback-classic-1.2.10.jar:/Users/charlan.bettiol/.m2/repository/ch/qos/logback/logback-core/1.2.10/logback-core-1.2.10.jar:/Users/charlan.bettiol/.m2/repository/org/apache/logging/log4j/log4j-to-slf4j/2.17.1/log4j-to-slf4j-2.17.1.jar:/Users/charlan.bettiol/.m2/repository/org/apache/logging/log4j/log4j-api/2.17.1/log4j-api-2.17.1.jar:/Users/charlan.bettiol/.m2/repository/org/slf4j/jul-to-slf4j/1.7.33/jul-to-slf4j-1.7.33.jar:/Users/charlan.bettiol/.m2/repository/jakarta/annotation/jakarta.annotation-api/1.3.5/jakarta.annotation-api-1.3.5.jar:/Users/charlan.bettiol/.m2/repository/org/yaml/snakeyaml/1.29/snakeyaml-1.29.jar:/Users/charlan.bettiol/.m2/repository/org/springframework/boot/spring-boot-starter-json/2.6.3/spring-boot-starter-json-2.6.3.jar:/Users/charlan.bettiol/.m2/repository/com/fasterxml/jackson/core/jackson-databind/2.13.1/jackson-databind-2.13.1.jar:/Users/charlan.bettiol/.m2/repository/com/fasterxml/jackson/core/jackson-annotations/2.13.1/jackson-annotations-2.13.1.jar:/Users/charlan.bettiol/.m2/repository/com/fasterxml/jackson/core/jackson-core/2.13.1/jackson-core-2.13.1.jar:/Users/charlan.bettiol/.m2/repository/com/fasterxml/jackson/datatype/jackson-datatype-jdk8/2.13.1/jackson-datatype-jdk8-2.13.1.jar:/Users/charlan.bettiol/.m2/repository/com/fasterxml/jackson/datatype/jackson-datatype-jsr310/2.13.1/jackson-datatype-jsr310-2.13.1.jar:/Users/charlan.bettiol/.m2/repository/com/fasterxml/jackson/module/jackson-module-parameter-names/2.13.1/jackson-module-parameter-names-2.13.1.jar:/Users/charlan.bettiol/.m2/repository/org/springframework/boot/spring-boot-starter-tomcat/2.6.3/spring-boot-starter-tomcat-2.6.3.jar:/Users/charlan.bettiol/.m2/repository/org/apache/tomcat/embed/tomcat-embed-core/9.0.56/tomcat-embed-core-9.0.56.jar:/Users/charlan.bettiol/.m2/repository/org/apache/tomcat/embed/tomcat-embed-el/9.0.56/tomcat-embed-el-9.0.56.jar:/Users/charlan.bettiol/.m2/repository/org/apache/tomcat/embed/tomcat-embed-websocket/9.0.56/tomcat-embed-websocket-9.0.56.jar:/Users/charlan.bettiol/.m2/repository/org/springframework/spring-web/5.3.15/spring-web-5.3.15.jar:/Users/charlan.bettiol/.m2/repository/org/springframework/spring-beans/5.3.15/spring-beans-5.3.15.jar:/Users/charlan.bettiol/.m2/repository/org/springframework/spring-webmvc/5.3.15/spring-webmvc-5.3.15.jar:/Users/charlan.bettiol/.m2/repository/org/springframework/spring-aop/5.3.15/spring-aop-5.3.15.jar:/Users/charlan.bettiol/.m2/repository/org/springframework/spring-context/5.3.15/spring-context-5.3.15.jar:/Users/charlan.bettiol/.m2/repository/org/springframework/spring-expression/5.3.15/spring-expression-5.3.15.jar:/Users/charlan.bettiol/.m2/repository/org/assertj/assertj-core/3.21.0/assertj-core-3.21.0.jar:/Users/charlan.bettiol/.m2/repository/org/springframework/boot/spring-boot-starter-test/2.6.3/spring-boot-starter-test-2.6.3.jar:/Users/charlan.bettiol/.m2/repository/org/springframework/boot/spring-boot-test/2.6.3/spring-boot-test-2.6.3.jar:/Users/charlan.bettiol/.m2/repository/org/springframework/boot/spring-boot-test-autoconfigure/2.6.3/spring-boot-test-autoconfigure-2.6.3.jar:/Users/charlan.bettiol/.m2/repository/com/jayway/jsonpath/json-path/2.6.0/json-path-2.6.0.jar:/Users/charlan.bettiol/.m2/repository/net/minidev/json-smart/2.4.7/json-smart-2.4.7.jar:/Users/charlan.bettiol/.m2/repository/net/minidev/accessors-smart/2.4.7/accessors-smart-2.4.7.jar:/Users/charlan.bettiol/.m2/repository/org/ow2/asm/asm/9.1/asm-9.1.jar:/Users/charlan.bettiol/.m2/repository/jakarta/xml/bind/jakarta.xml.bind-api/2.3.3/jakarta.xml.bind-api-2.3.3.jar:/Users/charlan.bettiol/.m2/repository/jakarta/activation/jakarta.activation-api/1.2.2/jakarta.activation-api-1.2.2.jar:/Users/charlan.bettiol/.m2/repository/org/hamcrest/hamcrest/2.2/hamcrest-2.2.jar:/Users/charlan.bettiol/.m2/repository/org/junit/jupiter/junit-jupiter/5.8.2/junit-jupiter-5.8.2.jar:/Users/charlan.bettiol/.m2/repository/org/junit/jupiter/junit-jupiter-params/5.8.2/junit-jupiter-params-5.8.2.jar:/Users/charlan.bettiol/.m2/repository/org/junit/jupiter/junit-jupiter-engine/5.8.2/junit-jupiter-engine-5.8.2.jar:/Users/charlan.bettiol/.m2/repository/org/junit/platform/junit-platform-engine/1.8.2/junit-platform-engine-1.8.2.jar:/Users/charlan.bettiol/.m2/repository/org/mockito/mockito-core/4.0.0/mockito-core-4.0.0.jar:/Users/charlan.bettiol/.m2/repository/net/bytebuddy/byte-buddy/1.11.22/byte-buddy-1.11.22.jar:/Users/charlan.bettiol/.m2/repository/net/bytebuddy/byte-buddy-agent/1.11.22/byte-buddy-agent-1.11.22.jar:/Users/charlan.bettiol/.m2/repository/org/objenesis/objenesis/3.2/objenesis-3.2.jar:/Users/charlan.bettiol/.m2/repository/org/mockito/mockito-junit-jupiter/4.0.0/mockito-junit-jupiter-4.0.0.jar:/Users/charlan.bettiol/.m2/repository/org/skyscreamer/jsonassert/1.5.0/jsonassert-1.5.0.jar:/Users/charlan.bettiol/.m2/repository/com/vaadin/external/google/android-json/0.0.20131108.vaadin1/android-json-0.0.20131108.vaadin1.jar:/Users/charlan.bettiol/.m2/repository/org/springframework/spring-core/5.3.15/spring-core-5.3.15.jar:/Users/charlan.bettiol/.m2/repository/org/springframework/spring-jcl/5.3.15/spring-jcl-5.3.15.jar:/Users/charlan.bettiol/.m2/repository/org/springframework/spring-test/5.3.15/spring-test-5.3.15.jar:/Users/charlan.bettiol/.m2/repository/org/xmlunit/xmlunit-core/2.8.4/xmlunit-core-2.8.4.jar:/Users/charlan.bettiol/.m2/repository/au/com/dius/pact/provider/junit5/4.3.10/junit5-4.3.10.jar:/Users/charlan.bettiol/.m2/repository/au/com/dius/pact/core/support/4.3.10/support-4.3.10.jar:/Users/charlan.bettiol/.m2/repository/io/github/microutils/kotlin-logging-jvm/2.0.10/kotlin-logging-jvm-2.0.10.jar:/Users/charlan.bettiol/.m2/repository/org/apache/httpcomponents/client5/httpclient5/5.1.2/httpclient5-5.1.2.jar:/Users/charlan.bettiol/.m2/repository/org/apache/httpcomponents/core5/httpcore5/5.1.3/httpcore5-5.1.3.jar:/Users/charlan.bettiol/.m2/repository/org/apache/httpcomponents/core5/httpcore5-h2/5.1.3/httpcore5-h2-5.1.3.jar:/Users/charlan.bettiol/.m2/repository/commons-codec/commons-codec/1.15/commons-codec-1.15.jar:/Users/charlan.bettiol/.m2/repository/com/michael-bull/kotlin-result/kotlin-result-jvm/1.1.12/kotlin-result-jvm-1.1.12.jar:/Users/charlan.bettiol/.m2/repository/org/antlr/antlr4/4.9.2/antlr4-4.9.2.jar:/Users/charlan.bettiol/.m2/repository/org/antlr/antlr4-runtime/4.9.2/antlr4-runtime-4.9.2.jar:/Users/charlan.bettiol/.m2/repository/org/antlr/antlr-runtime/3.5.2/antlr-runtime-3.5.2.jar:/Users/charlan.bettiol/.m2/repository/org/antlr/ST4/4.3/ST4-4.3.jar:/Users/charlan.bettiol/.m2/repository/org/abego/treelayout/org.abego.treelayout.core/1.0.3/org.abego.treelayout.core-1.0.3.jar:/Users/charlan.bettiol/.m2/repository/org/glassfish/javax.json/1.0.4/javax.json-1.0.4.jar:/Users/charlan.bettiol/.m2/repository/com/ibm/icu/icu4j/61.1/icu4j-61.1.jar:/Users/charlan.bettiol/.m2/repository/org/apache/commons/commons-lang3/3.12.0/commons-lang3-3.12.0.jar:/Users/charlan.bettiol/.m2/repository/com/google/code/findbugs/jsr305/3.0.2/jsr305-3.0.2.jar:/Users/charlan.bettiol/.m2/repository/org/apache/httpcomponents/client5/httpclient5-fluent/5.1.2/httpclient5-fluent-5.1.2.jar:/Users/charlan.bettiol/.m2/repository/au/com/dius/pact/provider/4.3.10/provider-4.3.10.jar:/Users/charlan.bettiol/.m2/repository/au/com/dius/pact/core/model/4.3.10/model-4.3.10.jar:/Users/charlan.bettiol/.m2/repository/com/github/mifmif/generex/1.0.2/generex-1.0.2.jar:/Users/charlan.bettiol/.m2/repository/dk/brics/automaton/automaton/1.11-8/automaton-1.11-8.jar:/Users/charlan.bettiol/.m2/repository/javax/mail/mail/1.5.0-b01/mail-1.5.0-b01.jar:/Users/charlan.bettiol/.m2/repository/javax/activation/activation/1.1/activation-1.1.jar:/Users/charlan.bettiol/.m2/repository/org/apache/tika/tika-core/1.27/tika-core-1.27.jar:/Users/charlan.bettiol/.m2/repository/io/ktor/ktor-http-jvm/1.6.1/ktor-http-jvm-1.6.1.jar:/Users/charlan.bettiol/.m2/repository/org/jetbrains/kotlin/kotlin-stdlib-jdk7/1.6.10/kotlin-stdlib-jdk7-1.6.10.jar:/Users/charlan.bettiol/.m2/repository/org/jetbrains/kotlinx/kotlinx-coroutines-core-jvm/1.5.2/kotlinx-coroutines-core-jvm-1.5.2.jar:/Users/charlan.bettiol/.m2/repository/io/ktor/ktor-utils-jvm/1.6.1/ktor-utils-jvm-1.6.1.jar:/Users/charlan.bettiol/.m2/repository/io/ktor/ktor-io-jvm/1.6.1/ktor-io-jvm-1.6.1.jar:/Users/charlan.bettiol/.m2/repository/commons-beanutils/commons-beanutils/1.9.4/commons-beanutils-1.9.4.jar:/Users/charlan.bettiol/.m2/repository/commons-logging/commons-logging/1.2/commons-logging-1.2.jar:/Users/charlan.bettiol/.m2/repository/commons-collections/commons-collections/3.2.2/commons-collections-3.2.2.jar:/Users/charlan.bettiol/.m2/repository/au/com/dius/pact/core/matchers/4.3.10/matchers-4.3.10.jar:/Users/charlan.bettiol/.m2/repository/com/googlecode/java-diff-utils/diffutils/1.3.0/diffutils-1.3.0.jar:/Users/charlan.bettiol/.m2/repository/xerces/xercesImpl/2.12.1/xercesImpl-2.12.1.jar:/Users/charlan.bettiol/.m2/repository/xml-apis/xml-apis/1.4.01/xml-apis-1.4.01.jar:/Users/charlan.bettiol/.m2/repository/org/atteo/evo-inflector/1.3/evo-inflector-1.3.jar:/Users/charlan.bettiol/.m2/repository/com/github/zafarkhaja/java-semver/0.9.0/java-semver-0.9.0.jar:/Users/charlan.bettiol/.m2/repository/au/com/dius/pact/core/pactbroker/4.3.10/pactbroker-4.3.10.jar:/Users/charlan.bettiol/.m2/repository/org/jetbrains/kotlin/kotlin-stdlib-jdk8/1.6.10/kotlin-stdlib-jdk8-1.6.10.jar:/Users/charlan.bettiol/.m2/repository/com/google/guava/guava/30.1.1-jre/guava-30.1.1-jre.jar:/Users/charlan.bettiol/.m2/repository/com/google/guava/failureaccess/1.0.1/failureaccess-1.0.1.jar:/Users/charlan.bettiol/.m2/repository/com/google/guava/listenablefuture/9999.0-empty-to-avoid-conflict-with-guava/listenablefuture-9999.0-empty-to-avoid-conflict-with-guava.jar:/Users/charlan.bettiol/.m2/repository/org/checkerframework/checker-qual/3.8.0/checker-qual-3.8.0.jar:/Users/charlan.bettiol/.m2/repository/com/google/errorprone/error_prone_annotations/2.5.1/error_prone_annotations-2.5.1.jar:/Users/charlan.bettiol/.m2/repository/com/google/j2objc/j2objc-annotations/1.3/j2objc-annotations-1.3.jar:/Users/charlan.bettiol/.m2/repository/io/github/classgraph/classgraph/4.8.129/classgraph-4.8.129.jar:/Users/charlan.bettiol/.m2/repository/commons-io/commons-io/2.11.0/commons-io-2.11.0.jar:/Users/charlan.bettiol/.m2/repository/org/codehaus/groovy/groovy/3.0.9/groovy-3.0.9.jar:/Users/charlan.bettiol/.m2/repository/com/github/ajalt/mordant/1.2.1/mordant-1.2.1.jar:/Users/charlan.bettiol/.m2/repository/com/github/ajalt/colormath/1.2.0/colormath-1.2.0.jar:/Users/charlan.bettiol/.m2/repository/com/vladsch/flexmark/flexmark/0.62.2/flexmark-0.62.2.jar:/Users/charlan.bettiol/.m2/repository/com/vladsch/flexmark/flexmark-util-ast/0.62.2/flexmark-util-ast-0.62.2.jar:/Users/charlan.bettiol/.m2/repository/com/vladsch/flexmark/flexmark-util-builder/0.62.2/flexmark-util-builder-0.62.2.jar:/Users/charlan.bettiol/.m2/repository/com/vladsch/flexmark/flexmark-util-collection/0.62.2/flexmark-util-collection-0.62.2.jar:/Users/charlan.bettiol/.m2/repository/com/vladsch/flexmark/flexmark-util-data/0.62.2/flexmark-util-data-0.62.2.jar:/Users/charlan.bettiol/.m2/repository/com/vladsch/flexmark/flexmark-util-dependency/0.62.2/flexmark-util-dependency-0.62.2.jar:/Users/charlan.bettiol/.m2/repository/com/vladsch/flexmark/flexmark-util-format/0.62.2/flexmark-util-format-0.62.2.jar:/Users/charlan.bettiol/.m2/repository/com/vladsch/flexmark/flexmark-util-html/0.62.2/flexmark-util-html-0.62.2.jar:/Users/charlan.bettiol/.m2/repository/com/vladsch/flexmark/flexmark-util-misc/0.62.2/flexmark-util-misc-0.62.2.jar:/Users/charlan.bettiol/.m2/repository/com/vladsch/flexmark/flexmark-util-sequence/0.62.2/flexmark-util-sequence-0.62.2.jar:/Users/charlan.bettiol/.m2/repository/com/vladsch/flexmark/flexmark-util-visitor/0.62.2/flexmark-util-visitor-0.62.2.jar:/Users/charlan.bettiol/.m2/repository/com/vladsch/flexmark/flexmark-ext-tables/0.62.2/flexmark-ext-tables-0.62.2.jar:/Users/charlan.bettiol/.m2/repository/com/vladsch/flexmark/flexmark-util/0.62.2/flexmark-util-0.62.2.jar:/Users/charlan.bettiol/.m2/repository/com/vladsch/flexmark/flexmark-util-options/0.62.2/flexmark-util-options-0.62.2.jar:/Users/charlan.bettiol/.m2/repository/org/apache/commons/commons-collections4/4.4/commons-collections4-4.4.jar:/Users/charlan.bettiol/.m2/repository/io/pact/plugin/driver/core/0.0.9/core-0.0.9.jar:/Users/charlan.bettiol/.m2/repository/com/vdurmont/semver4j/3.1.0/semver4j-3.1.0.jar:/Users/charlan.bettiol/.m2/repository/io/grpc/grpc-protobuf/1.42.0/grpc-protobuf-1.42.0.jar:/Users/charlan.bettiol/.m2/repository/io/grpc/grpc-api/1.42.0/grpc-api-1.42.0.jar:/Users/charlan.bettiol/.m2/repository/io/grpc/grpc-context/1.42.0/grpc-context-1.42.0.jar:/Users/charlan.bettiol/.m2/repository/com/google/protobuf/protobuf-java/3.17.2/protobuf-java-3.17.2.jar:/Users/charlan.bettiol/.m2/repository/com/google/api/grpc/proto-google-common-protos/2.0.1/proto-google-common-protos-2.0.1.jar:/Users/charlan.bettiol/.m2/repository/io/grpc/grpc-protobuf-lite/1.42.0/grpc-protobuf-lite-1.42.0.jar:/Users/charlan.bettiol/.m2/repository/io/grpc/grpc-stub/1.42.0/grpc-stub-1.42.0.jar:/Users/charlan.bettiol/.m2/repository/io/grpc/grpc-netty/1.42.0/grpc-netty-1.42.0.jar:/Users/charlan.bettiol/.m2/repository/io/grpc/grpc-core/1.42.0/grpc-core-1.42.0.jar:/Users/charlan.bettiol/.m2/repository/com/google/code/gson/gson/2.8.9/gson-2.8.9.jar:/Users/charlan.bettiol/.m2/repository/com/google/android/annotations/4.1.1.4/annotations-4.1.1.4.jar:/Users/charlan.bettiol/.m2/repository/org/codehaus/mojo/animal-sniffer-annotations/1.19/animal-sniffer-annotations-1.19.jar:/Users/charlan.bettiol/.m2/repository/io/netty/netty-codec-http2/4.1.73.Final/netty-codec-http2-4.1.73.Final.jar:/Users/charlan.bettiol/.m2/repository/io/netty/netty-common/4.1.73.Final/netty-common-4.1.73.Final.jar:/Users/charlan.bettiol/.m2/repository/io/netty/netty-buffer/4.1.73.Final/netty-buffer-4.1.73.Final.jar:/Users/charlan.bettiol/.m2/repository/io/netty/netty-transport/4.1.73.Final/netty-transport-4.1.73.Final.jar:/Users/charlan.bettiol/.m2/repository/io/netty/netty-resolver/4.1.73.Final/netty-resolver-4.1.73.Final.jar:/Users/charlan.bettiol/.m2/repository/io/netty/netty-codec/4.1.73.Final/netty-codec-4.1.73.Final.jar:/Users/charlan.bettiol/.m2/repository/io/netty/netty-handler/4.1.73.Final/netty-handler-4.1.73.Final.jar:/Users/charlan.bettiol/.m2/repository/io/netty/netty-tcnative-classes/2.0.46.Final/netty-tcnative-classes-2.0.46.Final.jar:/Users/charlan.bettiol/.m2/repository/io/netty/netty-codec-http/4.1.73.Final/netty-codec-http-4.1.73.Final.jar:/Users/charlan.bettiol/.m2/repository/io/netty/netty-handler-proxy/4.1.73.Final/netty-handler-proxy-4.1.73.Final.jar:/Users/charlan.bettiol/.m2/repository/io/netty/netty-codec-socks/4.1.73.Final/netty-codec-socks-4.1.73.Final.jar:/Users/charlan.bettiol/.m2/repository/io/perfmark/perfmark-api/0.23.0/perfmark-api-0.23.0.jar:/Users/charlan.bettiol/.m2/repository/javax/annotation/javax.annotation-api/1.3.2/javax.annotation-api-1.3.2.jar:/Users/charlan.bettiol/.m2/repository/javax/json/javax.json-api/1.1.4/javax.json-api-1.1.4.jar:/Users/charlan.bettiol/.m2/repository/org/junit/jupiter/junit-jupiter-api/5.8.2/junit-jupiter-api-5.8.2.jar:/Users/charlan.bettiol/.m2/repository/org/opentest4j/opentest4j/1.2.0/opentest4j-1.2.0.jar:/Users/charlan.bettiol/.m2/repository/org/junit/platform/junit-platform-commons/1.8.2/junit-platform-commons-1.8.2.jar:/Users/charlan.bettiol/.m2/repository/org/apiguardian/apiguardian-api/1.1.2/apiguardian-api-1.1.2.jar:/Users/charlan.bettiol/.m2/repository/org/jetbrains/kotlin/kotlin-stdlib/1.6.10/kotlin-stdlib-1.6.10.jar:/Users/charlan.bettiol/.m2/repository/org/jetbrains/annotations/13.0/annotations-13.0.jar:/Users/charlan.bettiol/.m2/repository/org/jetbrains/kotlin/kotlin-stdlib-common/1.6.10/kotlin-stdlib-common-1.6.10.jar:/Users/charlan.bettiol/.m2/repository/org/jetbrains/kotlin/kotlin-reflect/1.6.10/kotlin-reflect-1.6.10.jar:/Users/charlan.bettiol/.m2/repository/org/slf4j/slf4j-api/1.7.33/slf4j-api-1.7.33.jar:/Users/charlan.bettiol/.m2/repository/org/wiremock/wiremock-standalone/3.5.4/wiremock-standalone-3.5.4.jar:"/>
    <property name="sun.cpu.endian" value="little"/>
    <property name="user.home" value="/Users/charlan.bettiol"/>
    <property name="user.language" value="pt"/>
    <property name="java.specification.vendor" value="Oracle Corporation"/>
    <property name="java.version.date" value="2024-01-16"/>
    <property name="java.home" value="/Users/charlan.bettiol/Library/Java/JavaVirtualMachines/openjdk-21.0.2/Contents/Home"/>
    <property name="file.separator" value="/"/>
    <property name="basedir" value="/Users/charlan.bettiol/Documents/presentation_pact_demo/provider"/>
    <property name="java.vm.compressedOopsMode" value="Zero based"/>
    <property name="line.separator" value="&#10;"/>
    <property name="java.vm.specification.vendor" value="Oracle Corporation"/>
    <property name="java.specification.name" value="Java Platform API Specification"/>
    <property name="apple.awt.application.name" value="ForkedBooter"/>
    <property name="surefire.real.class.path" value="/Users/charlan.bettiol/Documents/presentation_pact_demo/provider/target/surefire/surefirebooter3782544688771500294.jar"/>
    <property name="sun.management.compiler" value="HotSpot 64-Bit Tiered Compilers"/>
    <property name="ftp.nonProxyHosts" value="local|*.local|169.254/16|*.169.254/16"/>
    <property name="java.runtime.version" value="21.0.2+13-58"/>
    <property name="user.name" value="charlan.bettiol"/>
    <property name="stdout.encoding" value="UTF-8"/>
    <property name="path.separator" value=":"/>
    <property name="os.version" value="13.6.1"/>
    <property name="java.runtime.name" value="OpenJDK Runtime Environment"/>
    <property name="file.encoding" value="UTF-8"/>
    <property name="java.vm.name" value="OpenJDK 64-Bit Server VM"/>
    <property name="localRepository" value="/Users/charlan.bettiol/.m2/repository"/>
    <property name="java.vendor.url.bug" value="https://bugreport.java.com/bugreport/"/>
    <property name="java.io.tmpdir" value="/var/folders/n8/9cnlvmbs6h38d0yjvrd9dcdh3_bb3c/T/"/>
    <property name="java.version" value="21.0.2"/>
    <property name="user.dir" value="/Users/charlan.bettiol/Documents/presentation_pact_demo/provider"/>
    <property name="os.arch" value="aarch64"/>
    <property name="java.vm.specification.name" value="Java Virtual Machine Specification"/>
    <property name="native.encoding" value="UTF-8"/>
    <property name="java.library.path" value="/Users/charlan.bettiol/Library/Java/Extensions:/Library/Java/Extensions:/Network/Library/Java/Extensions:/System/Library/Java/Extensions:/usr/lib/java:."/>
    <property name="java.vm.info" value="mixed mode, sharing"/>
    <property name="stderr.encoding" value="UTF-8"/>
    <property name="java.vendor" value="Oracle Corporation"/>
    <property name="java.vm.version" value="21.0.2+13-58"/>
    <property name="sun.io.unicode.encoding" value="UnicodeBig"/>
    <property name="socksNonProxyHosts" value="local|*.local|169.254/16|*.169.254/16"/>
    <property name="java.class.version" value="65.0"/>
  </properties>
  <testcase name="pacTestTemplate{PactVerificationContext}[1]" classname="com.example.provider.pacts.provider.apiProviderContractTest" time="0">
    <skipped message="Assumption failed: Verfique se existem contratos para o Provedor." type="org.opentest4j.TestAbortedException">org.opentest4j.TestAbortedException: Assumption failed: Verfique se existem contratos para o Provedor.
	at com.example.provider.pacts.provider.apiProviderContractTest.assumerNoPacts(apiProviderContractTest.java:85)
	at com.example.provider.pacts.provider.apiProviderContractTest.setUp(apiProviderContractTest.java:42)
</skipped>
    <system-out><![CDATA[17:11:37.049 [main] DEBUG au.com.dius.pact.provider.junit5.PactVerificationInvocationContextProvider - Verifying pacts for provider 'provider' and consumer 'null'
17:11:37.197 [main] DEBUG au.com.dius.pact.provider.junit5.PactVerificationInvocationContextProvider - Pact sources on test class:
 @au.com.dius.pact.provider.junitsupport.loader.PactSource(au.com.dius.pact.provider.junitsupport.loader.PactFolderLoader.class)
17:11:37.198 [main] DEBUG au.com.dius.pact.provider.ProviderUtils - Pact source does not have a constructor with one argument of type Class
&amp#27;[33mVerfique se existem contratos para o Provedor.&amp#27;[0m
]]></system-out>
  </testcase>
</testsuite>